{"E:\\TUTOR\\VUE\\job-search\\src\\components\\MainNav.vue": {"path":"E:\\TUTOR\\VUE\\job-search\\src\\components\\MainNav.vue","statementMap":{"0":{"start":{"line":4,"column":0},"end":{"line":6,"column":3}},"1":{"start":{"line":7,"column":0},"end":{"line":7,"column":25}},"2":{"start":{"line":8,"column":15},"end":{"line":15,"column":1}},"3":{"start":{"line":11,"column":4},"end":{"line":13,"column":6}},"4":{"start":{"line":18,"column":0},"end":{"line":18,"column":13}},"5":{"start":{"line":20,"column":0},"end":{"line":22,"column":3}},"6":{"start":{"line":23,"column":0},"end":{"line":23,"column":24}},"7":{"start":{"line":24,"column":11},"end":{"line":24,"column":25}},"8":{"start":{"line":25,"column":19},"end":{"line":27,"column":1}},"9":{"start":{"line":28,"column":19},"end":{"line":30,"column":1}},"10":{"start":{"line":31,"column":19},"end":{"line":34,"column":1}},"11":{"start":{"line":36,"column":2},"end":{"line":36,"column":235}},"12":{"start":{"line":37,"column":2},"end":{"line":37,"column":49}}},"fnMap":{"0":{"name":"(anonymous_0)","decl":{"start":{"line":10,"column":2},"end":{"line":10,"column":3}},"loc":{"start":{"line":10,"column":9},"end":{"line":14,"column":3}},"line":10},"1":{"name":"render","decl":{"start":{"line":35,"column":9},"end":{"line":35,"column":15}},"loc":{"start":{"line":35,"column":30},"end":{"line":37,"column":1}},"line":35}},"branchMap":{},"s":{"0":1,"1":1,"2":1,"3":1,"4":1,"5":1,"6":1,"7":1,"8":1,"9":1,"10":1,"11":1,"12":1},"f":{"0":1,"1":1},"b":{},"inputSourceMap":{"0":"{","1":"\"","2":"v","3":"e","4":"r","5":"s","6":"i","7":"o","8":"n","9":"\"","10":":","11":"3","12":",","13":"\"","14":"s","15":"o","16":"u","17":"r","18":"c","19":"e","20":"s","21":"\"","22":":","23":"[","24":"\"","25":"E","26":":","27":"\\","28":"\\","29":"T","30":"U","31":"T","32":"O","33":"R","34":"\\","35":"\\","36":"V","37":"U","38":"E","39":"\\","40":"\\","41":"j","42":"o","43":"b","44":"-","45":"s","46":"e","47":"a","48":"r","49":"c","50":"h","51":"\\","52":"\\","53":"s","54":"r","55":"c","56":"\\","57":"\\","58":"c","59":"o","60":"m","61":"p","62":"o","63":"n","64":"e","65":"n","66":"t","67":"s","68":"\\","69":"\\","70":"M","71":"a","72":"i","73":"n","74":"N","75":"a","76":"v","77":".","78":"v","79":"u","80":"e","81":"\"","82":"]","83":",","84":"\"","85":"n","86":"a","87":"m","88":"e","89":"s","90":"\"","91":":","92":"[","93":"]","94":",","95":"\"","96":"m","97":"a","98":"p","99":"p","100":"i","101":"n","102":"g","103":"s","104":"\"","105":":","106":"\"","107":";","108":";","109":";","110":";","111":";","112":";","113":";","114":"e","115":"A","116":"W","117":"e","118":";","119":"E","120":"A","121":"C","122":"b","123":",","124":"I","125":"A","126":"A","127":"I","128":",","129":"E","130":"A","131":"A","132":"E","133":",","134":"S","135":"A","136":"A","137":"S","138":";","139":"E","140":"A","141":"C","142":"f","143":",","144":"I","145":"A","146":"A","147":"I","148":",","149":"G","150":"A","151":"A","152":"G","153":";","154":"I","155":"A","156":"C","157":"L","158":",","159":"O","160":"A","161":"A","162":"O","163":";","164":"M","165":"A","166":"C","167":"L","168":",","169":"O","170":"A","171":"A","172":"O","173":",","174":"E","175":"A","176":"A","177":"E","178":";","179":"I","180":"A","181":"C","182":"X","183":",","184":"C","185":"A","186":"A","187":"C","188":";","189":"E","190":"A","191":"C","192":"H","193":";","194":"A","195":"A","196":"C","197":"F","198":",","199":"C","200":"A","201":"A","202":"C","203":";","204":"A","205":"A","206":"A","207":"A","208":";","209":"A","210":"A","211":"A","212":"A","213":"\"","214":",","215":"\"","216":"f","217":"i","218":"l","219":"e","220":"\"","221":":","222":"\"","223":"E","224":":","225":"\\","226":"\\","227":"T","228":"U","229":"T","230":"O","231":"R","232":"\\","233":"\\","234":"V","235":"U","236":"E","237":"\\","238":"\\","239":"j","240":"o","241":"b","242":"-","243":"s","244":"e","245":"a","246":"r","247":"c","248":"h","249":"\\","250":"\\","251":"s","252":"r","253":"c","254":"\\","255":"\\","256":"c","257":"o","258":"m","259":"p","260":"o","261":"n","262":"e","263":"n","264":"t","265":"s","266":"\\","267":"\\","268":"M","269":"a","270":"i","271":"n","272":"N","273":"a","274":"v","275":".","276":"v","277":"u","278":"e","279":"\"","280":",","281":"\"","282":"s","283":"o","284":"u","285":"r","286":"c","287":"e","288":"s","289":"C","290":"o","291":"n","292":"t","293":"e","294":"n","295":"t","296":"\"","297":":","298":"[","299":"\"","300":"<","301":"t","302":"e","303":"m","304":"p","305":"l","306":"a","307":"t","308":"e","309":">","310":"\\","311":"n","312":" ","313":" ","314":"<","315":"d","316":"i","317":"v","318":" ","319":"c","320":"l","321":"a","322":"s","323":"s","324":"=","325":"\\","326":"\"","327":"f","328":"i","329":"x","330":"e","331":"d","332":" ","333":"t","334":"o","335":"p","336":"-","337":"0","338":" ","339":"l","340":"e","341":"f","342":"t","343":"-","344":"0","345":" ","346":"w","347":"-","348":"f","349":"u","350":"l","351":"l","352":" ","353":"h","354":"-","355":"1","356":"6","357":" ","358":"b","359":"g","360":"-","361":"w","362":"h","363":"i","364":"t","365":"e","366":"\\","367":"\"","368":">","369":"\\","370":"n","371":" ","372":" ","373":" ","374":" ","375":"<","376":"d","377":"i","378":"v","379":"\\","380":"n","381":" ","382":" ","383":" ","384":" ","385":" ","386":" ","387":"c","388":"l","389":"a","390":"s","391":"s","392":"=","393":"\\","394":"\"","395":"f","396":"l","397":"e","398":"x","399":" ","400":"f","401":"l","402":"e","403":"x","404":"-","405":"n","406":"o","407":"w","408":"r","409":"a","410":"p","411":" ","412":"h","413":"-","414":"f","415":"u","416":"l","417":"l","418":" ","419":"p","420":"x","421":"-","422":"8","423":" ","424":"m","425":"x","426":"-","427":"a","428":"u","429":"t","430":"o","431":" ","432":"b","433":"o","434":"r","435":"d","436":"e","437":"r","438":"-","439":"b","440":" ","441":"b","442":"o","443":"r","444":"d","445":"e","446":"r","447":"-","448":"s","449":"o","450":"l","451":"i","452":"d","453":" ","454":"b","455":"o","456":"r","457":"d","458":"e","459":"r","460":"-","461":"b","462":"r","463":"a","464":"n","465":"d","466":"-","467":"g","468":"r","469":"e","470":"y","471":"-","472":"1","473":"\\","474":"\"","475":"\\","476":"n","477":" ","478":" ","479":" ","480":" ","481":">","482":"\\","483":"n","484":" ","485":" ","486":" ","487":" ","488":" ","489":" ","490":"<","491":"a","492":" ","493":"h","494":"r","495":"e","496":"f","497":"=","498":"\\","499":"\"","500":"/","501":"\\","502":"\"","503":" ","504":"c","505":"l","506":"a","507":"s","508":"s","509":"=","510":"\\","511":"\"","512":"f","513":"l","514":"e","515":"x","516":" ","517":"i","518":"t","519":"e","520":"m","521":"s","522":"-","523":"c","524":"e","525":"n","526":"t","527":"e","528":"r","529":" ","530":"h","531":"-","532":"f","533":"u","534":"l","535":"l","536":" ","537":"t","538":"e","539":"x","540":"t","541":"-","542":"x","543":"l","544":"\\","545":"\"","546":">","547":"{","548":"{","549":" ","550":"c","551":"o","552":"m","553":"p","554":"a","555":"n","556":"y","557":" ","558":"}","559":"}","560":"<","561":"/","562":"a","563":">","564":"\\","565":"n","566":" ","567":" ","568":" ","569":" ","570":"<","571":"/","572":"d","573":"i","574":"v","575":">","576":"\\","577":"n","578":" ","579":" ","580":"<","581":"/","582":"d","583":"i","584":"v","585":">","586":"\\","587":"n","588":"<","589":"/","590":"t","591":"e","592":"m","593":"p","594":"l","595":"a","596":"t","597":"e","598":">","599":"\\","600":"n","601":"\\","602":"n","603":"<","604":"s","605":"c","606":"r","607":"i","608":"p","609":"t","610":">","611":"\\","612":"n","613":"e","614":"x","615":"p","616":"o","617":"r","618":"t","619":" ","620":"d","621":"e","622":"f","623":"a","624":"u","625":"l","626":"t","627":" ","628":"{","629":"\\","630":"n","631":" ","632":" ","633":"n","634":"a","635":"m","636":"e","637":":","638":" ","639":"\\","640":"\"","641":"M","642":"a","643":"i","644":"n","645":"N","646":"a","647":"v","648":"\\","649":"\"","650":",","651":"\\","652":"n","653":" ","654":" ","655":"d","656":"a","657":"t","658":"a","659":"(","660":")","661":" ","662":"{","663":"\\","664":"n","665":" ","666":" ","667":" ","668":" ","669":"r","670":"e","671":"t","672":"u","673":"r","674":"n","675":" ","676":"{","677":"\\","678":"n","679":" ","680":" ","681":" ","682":" ","683":" ","684":" ","685":"c","686":"o","687":"m","688":"p","689":"a","690":"n","691":"y","692":":","693":" ","694":"\\","695":"\"","696":"A","697":"f","698":"w","699":"i","700":"t","701":" ","702":"C","703":"a","704":"r","705":"e","706":"e","707":"r","708":"s","709":"\\","710":"\"","711":",","712":"\\","713":"n","714":" ","715":" ","716":" ","717":" ","718":"}","719":";","720":"\\","721":"n","722":" ","723":" ","724":"}","725":",","726":"\\","727":"n","728":"}","729":";","730":"\\","731":"n","732":"<","733":"/","734":"s","735":"c","736":"r","737":"i","738":"p","739":"t","740":">","741":"\\","742":"n","743":"\"","744":"]","745":"}"},"_coverageSchema":"1a1c01bbd47fc00a2c39e90264f33305004495a9","hash":"ccc330670fa551cf4c71e78979f521b4b5e33967"}
}
