{"E:\\TUTOR\\VUE\\job-search\\src\\components\\ActionButton.vue": {"path":"E:\\TUTOR\\VUE\\job-search\\src\\components\\ActionButton.vue","statementMap":{"0":{"start":{"line":4,"column":0},"end":{"line":6,"column":3}},"1":{"start":{"line":7,"column":0},"end":{"line":7,"column":25}},"2":{"start":{"line":8,"column":15},"end":{"line":31,"column":1}},"3":{"start":{"line":20,"column":8},"end":{"line":20,"column":56}},"4":{"start":{"line":26,"column":6},"end":{"line":28,"column":8}},"5":{"start":{"line":34,"column":0},"end":{"line":34,"column":13}},"6":{"start":{"line":36,"column":0},"end":{"line":38,"column":3}},"7":{"start":{"line":39,"column":0},"end":{"line":39,"column":24}},"8":{"start":{"line":40,"column":11},"end":{"line":40,"column":25}},"9":{"start":{"line":42,"column":2},"end":{"line":44,"column":64}},"10":{"start":{"line":45,"column":2},"end":{"line":45,"column":49}}},"fnMap":{"0":{"name":"(anonymous_0)","decl":{"start":{"line":19,"column":6},"end":{"line":19,"column":7}},"loc":{"start":{"line":19,"column":23},"end":{"line":21,"column":7}},"line":19},"1":{"name":"(anonymous_1)","decl":{"start":{"line":25,"column":4},"end":{"line":25,"column":5}},"loc":{"start":{"line":25,"column":18},"end":{"line":29,"column":5}},"line":25},"2":{"name":"render","decl":{"start":{"line":41,"column":9},"end":{"line":41,"column":15}},"loc":{"start":{"line":41,"column":30},"end":{"line":45,"column":1}},"line":41}},"branchMap":{},"s":{"0":2,"1":2,"2":2,"3":7,"4":2,"5":2,"6":2,"7":2,"8":2,"9":2,"10":2},"f":{"0":7,"1":2,"2":2},"b":{},"inputSourceMap":{"0":"{","1":"\"","2":"v","3":"e","4":"r","5":"s","6":"i","7":"o","8":"n","9":"\"","10":":","11":"3","12":",","13":"\"","14":"s","15":"o","16":"u","17":"r","18":"c","19":"e","20":"s","21":"\"","22":":","23":"[","24":"\"","25":"E","26":":","27":"\\","28":"\\","29":"T","30":"U","31":"T","32":"O","33":"R","34":"\\","35":"\\","36":"V","37":"U","38":"E","39":"\\","40":"\\","41":"j","42":"o","43":"b","44":"-","45":"s","46":"e","47":"a","48":"r","49":"c","50":"h","51":"\\","52":"\\","53":"s","54":"r","55":"c","56":"\\","57":"\\","58":"c","59":"o","60":"m","61":"p","62":"o","63":"n","64":"e","65":"n","66":"t","67":"s","68":"\\","69":"\\","70":"A","71":"c","72":"t","73":"i","74":"o","75":"n","76":"B","77":"u","78":"t","79":"t","80":"o","81":"n","82":".","83":"v","84":"u","85":"e","86":"\"","87":"]","88":",","89":"\"","90":"n","91":"a","92":"m","93":"e","94":"s","95":"\"","96":":","97":"[","98":"]","99":",","100":"\"","101":"m","102":"a","103":"p","104":"p","105":"i","106":"n","107":"g","108":"s","109":"\"","110":":","111":"\"","112":";","113":";","114":";","115":";","116":";","117":";","118":";","119":"e","120":"A","121":"O","122":"e","123":";","124":"E","125":"A","126":"C","127":"b","128":",","129":"I","130":"A","131":"A","132":"I","133":",","134":"E","135":"A","136":"A","137":"E","138":",","139":"c","140":"A","141":"A","142":"c","143":";","144":"E","145":"A","146":"C","147":"p","148":"B","149":",","150":"K","151":"A","152":"A","153":"K","154":",","155":"E","156":"A","157":"A","158":"E","159":";","160":"I","161":"A","162":"C","163":"L","164":",","165":"I","166":"A","167":"A","168":"I","169":",","170":"E","171":"A","172":"A","173":"E","174":";","175":"M","176":"A","177":"C","178":"J","179":",","180":"I","181":"A","182":"A","183":"I","184":",","185":"E","186":"A","187":"A","188":"E","189":",","190":"M","191":"A","192":"A","193":"M","194":";","195":"M","196":"A","197":"C","198":"Z","199":",","200":"Q","201":"A","202":"A","203":"Q","204":",","205":"E","206":"A","207":"A","208":"E","209":";","210":"I","211":"A","212":"C","213":"Z","214":",","215":"C","216":"A","217":"A","218":"C","219":";","220":"I","221":"A","222":"C","223":"D","224":",","225":"I","226":"A","227":"A","228":"I","229":",","230":"E","231":"A","232":"A","233":"E","234":";","235":"M","236":"A","237":"C","238":"J","239":",","240":"I","241":"A","242":"A","243":"I","244":",","245":"E","246":"A","247":"A","248":"E","249":",","250":"M","251":"A","252":"A","253":"M","254":";","255":"M","256":"A","257":"C","258":"Z","259":",","260":"Q","261":"A","262":"A","263":"Q","264":",","265":"E","266":"A","267":"A","268":"E","269":",","270":"K","271":"A","272":"A","273":"K","274":";","275":"M","276":"A","277":"C","278":"f","279":",","280":"O","281":"A","282":"A","283":"O","284":",","285":"E","286":"A","287":"A","288":"E","289":",","290":"S","291":"A","292":"A","293":"S","294":";","295":"M","296":"A","297":"C","298":"l","299":"B","300":",","301":"S","302":"A","303":"A","304":"S","305":",","306":"C","307":"A","308":"A","309":"C","310":",","311":"K","312":"A","313":"A","314":"K","315":",","316":"E","317":"A","318":"A","319":"E","320":";","321":"Q","322":"A","323":"C","324":"f","325":",","326":"O","327":"A","328":"A","329":"O","330":",","331":"C","332":"A","333":"A","334":"C","335":",","336":"S","337":"A","338":"A","339":"S","340":",","341":"E","342":"A","343":"A","344":"E","345":",","346":"W","347":"A","348":"A","349":"W","350":",","351":"C","352":"A","353":"A","354":"C","355":",","356":"C","357":"A","358":"A","359":"C","360":",","361":"Q","362":"A","363":"A","364":"Q","365":",","366":"C","367":"A","368":"A","369":"C","370":",","371":"K","372":"A","373":"A","374":"K","375":",","376":"C","377":"A","378":"A","379":"C","380":";","381":"M","382":"A","383":"C","384":"j","385":"D","386":";","387":"I","388":"A","389":"C","390":"F","391":";","392":"E","393":"A","394":"C","395":"F","396":",","397":"C","398":"A","399":"A","400":"C","401":";","402":"E","403":"A","404":"C","405":"D","406":",","407":"Q","408":"A","409":"A","410":"Q","411":",","412":"E","413":"A","414":"A","415":"E","416":";","417":"I","418":"A","419":"C","420":"R","421":",","422":"W","423":"A","424":"A","425":"W","426":",","427":"G","428":"A","429":"A","430":"G","431":";","432":"M","433":"A","434":"C","435":"Z","436":",","437":"O","438":"A","439":"A","440":"O","441":";","442":"Q","443":"A","444":"C","445":"L","446":",","447":"C","448":"A","449":"A","450":"C","451":",","452":"I","453":"A","454":"A","455":"I","456":",","457":"C","458":"A","459":"A","460":"C","461":",","462":"I","463":"A","464":"A","465":"I","466":",","467":"G","468":"A","469":"A","470":"G","471":";","472":"M","473":"A","474":"C","475":"f","476":",","477":"C","478":"A","479":"A","480":"C","481":";","482":"I","483":"A","484":"C","485":"H","486":";","487":"E","488":"A","489":"C","490":"F","491":";","492":"A","493":"A","494":"C","495":"F","496":",","497":"C","498":"A","499":"A","500":"C","501":";","502":"A","503":"A","504":"A","505":"A","506":";","507":"A","508":"A","509":"A","510":"A","511":"\"","512":",","513":"\"","514":"f","515":"i","516":"l","517":"e","518":"\"","519":":","520":"\"","521":"E","522":":","523":"\\","524":"\\","525":"T","526":"U","527":"T","528":"O","529":"R","530":"\\","531":"\\","532":"V","533":"U","534":"E","535":"\\","536":"\\","537":"j","538":"o","539":"b","540":"-","541":"s","542":"e","543":"a","544":"r","545":"c","546":"h","547":"\\","548":"\\","549":"s","550":"r","551":"c","552":"\\","553":"\\","554":"c","555":"o","556":"m","557":"p","558":"o","559":"n","560":"e","561":"n","562":"t","563":"s","564":"\\","565":"\\","566":"A","567":"c","568":"t","569":"i","570":"o","571":"n","572":"B","573":"u","574":"t","575":"t","576":"o","577":"n","578":".","579":"v","580":"u","581":"e","582":"\"","583":",","584":"\"","585":"s","586":"o","587":"u","588":"r","589":"c","590":"e","591":"s","592":"C","593":"o","594":"n","595":"t","596":"e","597":"n","598":"t","599":"\"","600":":","601":"[","602":"\"","603":"<","604":"t","605":"e","606":"m","607":"p","608":"l","609":"a","610":"t","611":"e","612":">","613":"\\","614":"n","615":" ","616":" ","617":"<","618":"b","619":"u","620":"t","621":"t","622":"o","623":"n","624":" ","625":":","626":"c","627":"l","628":"a","629":"s","630":"s","631":"=","632":"\\","633":"\"","634":"b","635":"u","636":"t","637":"t","638":"o","639":"n","640":"C","641":"l","642":"a","643":"s","644":"s","645":"\\","646":"\"","647":">","648":"\\","649":"n","650":" ","651":" ","652":" ","653":" ","654":"{","655":"{","656":" ","657":"t","658":"e","659":"x","660":"t","661":" ","662":"}","663":"}","664":"\\","665":"n","666":" ","667":" ","668":"<","669":"/","670":"b","671":"u","672":"t","673":"t","674":"o","675":"n","676":">","677":"\\","678":"n","679":"<","680":"/","681":"t","682":"e","683":"m","684":"p","685":"l","686":"a","687":"t","688":"e","689":">","690":"\\","691":"n","692":"\\","693":"n","694":"<","695":"s","696":"c","697":"r","698":"i","699":"p","700":"t","701":">","702":"\\","703":"n","704":"e","705":"x","706":"p","707":"o","708":"r","709":"t","710":" ","711":"d","712":"e","713":"f","714":"a","715":"u","716":"l","717":"t","718":" ","719":"{","720":"\\","721":"n","722":" ","723":" ","724":"n","725":"a","726":"m","727":"e","728":":","729":" ","730":"\\","731":"\"","732":"A","733":"c","734":"t","735":"i","736":"o","737":"n","738":"B","739":"u","740":"t","741":"t","742":"o","743":"n","744":"\\","745":"\"","746":",","747":"\\","748":"n","749":" ","750":" ","751":"p","752":"r","753":"o","754":"p","755":"s","756":":","757":" ","758":"{","759":"\\","760":"n","761":" ","762":" ","763":" ","764":" ","765":"t","766":"e","767":"x","768":"t","769":":","770":" ","771":"{","772":"\\","773":"n","774":" ","775":" ","776":" ","777":" ","778":" ","779":" ","780":"t","781":"y","782":"p","783":"e","784":":","785":" ","786":"S","787":"t","788":"r","789":"i","790":"n","791":"g","792":",","793":"\\","794":"n","795":" ","796":" ","797":" ","798":" ","799":" ","800":" ","801":"r","802":"e","803":"q","804":"u","805":"i","806":"r","807":"e","808":"d","809":":","810":" ","811":"t","812":"r","813":"u","814":"e","815":",","816":"\\","817":"n","818":" ","819":" ","820":" ","821":" ","822":"}","823":",","824":"\\","825":"n","826":" ","827":" ","828":" ","829":" ","830":"t","831":"y","832":"p","833":"e","834":":","835":" ","836":"{","837":"\\","838":"n","839":" ","840":" ","841":" ","842":" ","843":" ","844":" ","845":"t","846":"y","847":"p","848":"e","849":":","850":" ","851":"S","852":"t","853":"r","854":"i","855":"n","856":"g","857":",","858":"\\","859":"n","860":" ","861":" ","862":" ","863":" ","864":" ","865":" ","866":"r","867":"e","868":"q","869":"u","870":"i","871":"r","872":"e","873":"d","874":":","875":" ","876":"f","877":"a","878":"l","879":"s","880":"e","881":",","882":"\\","883":"n","884":" ","885":" ","886":" ","887":" ","888":" ","889":" ","890":"d","891":"e","892":"f","893":"a","894":"u","895":"l","896":"t","897":":","898":" ","899":"\\","900":"\"","901":"p","902":"r","903":"i","904":"m","905":"a","906":"r","907":"y","908":"\\","909":"\"","910":",","911":"\\","912":"n","913":" ","914":" ","915":" ","916":" ","917":" ","918":" ","919":"v","920":"a","921":"l","922":"i","923":"d","924":"a","925":"t","926":"o","927":"r","928":"(","929":"v","930":"a","931":"l","932":"u","933":"e","934":")","935":" ","936":"{","937":"\\","938":"n","939":" ","940":" ","941":" ","942":" ","943":" ","944":" ","945":" ","946":" ","947":"r","948":"e","949":"t","950":"u","951":"r","952":"n","953":" ","954":"[","955":"\\","956":"\"","957":"p","958":"r","959":"i","960":"m","961":"a","962":"r","963":"y","964":"\\","965":"\"","966":",","967":" ","968":"\\","969":"\"","970":"s","971":"e","972":"c","973":"o","974":"n","975":"d","976":"a","977":"r","978":"y","979":"\\","980":"\"","981":"]","982":".","983":"i","984":"n","985":"c","986":"l","987":"u","988":"d","989":"e","990":"s","991":"(","992":"v","993":"a","994":"l","995":"u","996":"e","997":")","998":";","999":"\\","1000":"n","1001":" ","1002":" ","1003":" ","1004":" ","1005":" ","1006":" ","1007":"}","1008":",","1009":"\\","1010":"n","1011":" ","1012":" ","1013":" ","1014":" ","1015":"}","1016":",","1017":"\\","1018":"n","1019":" ","1020":" ","1021":"}","1022":",","1023":"\\","1024":"n","1025":" ","1026":" ","1027":"c","1028":"o","1029":"m","1030":"p","1031":"u","1032":"t","1033":"e","1034":"d","1035":":","1036":" ","1037":"{","1038":"\\","1039":"n","1040":" ","1041":" ","1042":" ","1043":" ","1044":"b","1045":"u","1046":"t","1047":"t","1048":"o","1049":"n","1050":"C","1051":"l","1052":"a","1053":"s","1054":"s","1055":"(","1056":")","1057":" ","1058":"{","1059":"\\","1060":"n","1061":" ","1062":" ","1063":" ","1064":" ","1065":" ","1066":" ","1067":"r","1068":"e","1069":"t","1070":"u","1071":"r","1072":"n","1073":" ","1074":"{","1075":"\\","1076":"n","1077":" ","1078":" ","1079":" ","1080":" ","1081":" ","1082":" ","1083":" ","1084":" ","1085":"[","1086":"t","1087":"h","1088":"i","1089":"s","1090":".","1091":"t","1092":"y","1093":"p","1094":"e","1095":"]","1096":":","1097":" ","1098":"t","1099":"r","1100":"u","1101":"e","1102":",","1103":"\\","1104":"n","1105":" ","1106":" ","1107":" ","1108":" ","1109":" ","1110":" ","1111":"}","1112":";","1113":"\\","1114":"n","1115":" ","1116":" ","1117":" ","1118":" ","1119":"}","1120":",","1121":"\\","1122":"n","1123":" ","1124":" ","1125":"}","1126":",","1127":"\\","1128":"n","1129":"}","1130":";","1131":"\\","1132":"n","1133":"<","1134":"/","1135":"s","1136":"c","1137":"r","1138":"i","1139":"p","1140":"t","1141":">","1142":"\\","1143":"n","1144":"<","1145":"s","1146":"t","1147":"y","1148":"l","1149":"e","1150":" ","1151":"s","1152":"c","1153":"o","1154":"p","1155":"e","1156":"d","1157":">","1158":"\\","1159":"n","1160":"b","1161":"u","1162":"t","1163":"t","1164":"o","1165":"n","1166":" ","1167":"{","1168":"\\","1169":"n","1170":" ","1171":" ","1172":"@","1173":"a","1174":"p","1175":"p","1176":"l","1177":"y","1178":" ","1179":"p","1180":"x","1181":"-","1182":"5","1183":" ","1184":"f","1185":"o","1186":"n","1187":"t","1188":"-","1189":"m","1190":"e","1191":"d","1192":"i","1193":"u","1194":"m","1195":";","1196":"\\","1197":"n","1198":"}","1199":"\\","1200":"n","1201":".","1202":"p","1203":"r","1204":"i","1205":"m","1206":"a","1207":"r","1208":"y","1209":" ","1210":"{","1211":"\\","1212":"n","1213":" ","1214":" ","1215":"@","1216":"a","1217":"p","1218":"p","1219":"l","1220":"y","1221":" ","1222":"t","1223":"e","1224":"x","1225":"t","1226":"-","1227":"w","1228":"h","1229":"i","1230":"t","1231":"e","1232":" ","1233":"r","1234":"o","1235":"u","1236":"n","1237":"d","1238":"e","1239":"d","1240":" ","1241":"b","1242":"g","1243":"-","1244":"b","1245":"r","1246":"a","1247":"n","1248":"d","1249":"-","1250":"b","1251":"l","1252":"u","1253":"e","1254":"-","1255":"1","1256":" ","1257":" ","1258":"h","1259":"o","1260":"v","1261":"e","1262":"r","1263":":","1264":"s","1265":"h","1266":"a","1267":"d","1268":"o","1269":"w","1270":"-","1271":"b","1272":"l","1273":"u","1274":"e","1275":";","1276":"\\","1277":"n","1278":"}","1279":"\\","1280":"n","1281":".","1282":"s","1283":"e","1284":"c","1285":"o","1286":"n","1287":"d","1288":"a","1289":"r","1290":"y","1291":" ","1292":"{","1293":"\\","1294":"n","1295":" ","1296":" ","1297":"@","1298":"a","1299":"p","1300":"p","1301":"l","1302":"y","1303":" ","1304":"t","1305":"e","1306":"x","1307":"t","1308":"-","1309":"b","1310":"r","1311":"a","1312":"n","1313":"d","1314":"-","1315":"b","1316":"l","1317":"u","1318":"e","1319":"-","1320":"1","1321":" ","1322":"b","1323":"g","1324":"-","1325":"t","1326":"r","1327":"a","1328":"n","1329":"s","1330":"p","1331":"a","1332":"r","1333":"e","1334":"n","1335":"t","1336":" ","1337":"h","1338":"o","1339":"v","1340":"e","1341":"r","1342":":","1343":"b","1344":"g","1345":"-","1346":"b","1347":"r","1348":"a","1349":"n","1350":"d","1351":"-","1352":"b","1353":"l","1354":"u","1355":"e","1356":"-","1357":"2","1358":" ","1359":"h","1360":"o","1361":"v","1362":"e","1363":"r","1364":":","1365":"t","1366":"e","1367":"x","1368":"t","1369":"-","1370":"w","1371":"h","1372":"i","1373":"t","1374":"e","1375":";","1376":"\\","1377":"n","1378":"}","1379":"\\","1380":"n","1381":"<","1382":"/","1383":"s","1384":"t","1385":"y","1386":"l","1387":"e","1388":">","1389":"\\","1390":"n","1391":"\"","1392":"]","1393":"}"},"_coverageSchema":"1a1c01bbd47fc00a2c39e90264f33305004495a9","hash":"338ed103999b8f6bbeefe2f9c3d7fc08afa3854c"}
,"E:\\TUTOR\\VUE\\job-search\\src\\components\\HeadLine.vue": {"path":"E:\\TUTOR\\VUE\\job-search\\src\\components\\HeadLine.vue","statementMap":{"0":{"start":{"line":4,"column":29},"end":{"line":4,"column":132}},"1":{"start":{"line":5,"column":0},"end":{"line":7,"column":3}},"2":{"start":{"line":8,"column":0},"end":{"line":8,"column":25}},"3":{"start":{"line":58,"column":0},"end":{"line":58,"column":13}},"4":{"start":{"line":60,"column":0},"end":{"line":62,"column":3}},"5":{"start":{"line":63,"column":0},"end":{"line":63,"column":24}},"6":{"start":{"line":64,"column":11},"end":{"line":64,"column":25}},"7":{"start":{"line":65,"column":19},"end":{"line":67,"column":1}},"8":{"start":{"line":68,"column":19},"end":{"line":71,"column":1}},"9":{"start":{"line":72,"column":32},"end":{"line":72,"column":96}},"10":{"start":{"line":73,"column":32},"end":{"line":75,"column":48}},"11":{"start":{"line":78,"column":2},"end":{"line":80,"column":139}},"12":{"start":{"line":81,"column":2},"end":{"line":81,"column":49}}},"fnMap":{"0":{"name":"render","decl":{"start":{"line":77,"column":9},"end":{"line":77,"column":15}},"loc":{"start":{"line":77,"column":30},"end":{"line":81,"column":1}},"line":77}},"branchMap":{},"s":{"0":1,"1":1,"2":1,"3":1,"4":1,"5":1,"6":1,"7":1,"8":1,"9":1,"10":1,"11":5,"12":1},"f":{"0":5},"b":{},"inputSourceMap":{"0":"{","1":"\"","2":"v","3":"e","4":"r","5":"s","6":"i","7":"o","8":"n","9":"\"","10":":","11":"3","12":",","13":"\"","14":"s","15":"o","16":"u","17":"r","18":"c","19":"e","20":"s","21":"\"","22":":","23":"[","24":"\"","25":"E","26":":","27":"\\","28":"\\","29":"T","30":"U","31":"T","32":"O","33":"R","34":"\\","35":"\\","36":"V","37":"U","38":"E","39":"\\","40":"\\","41":"j","42":"o","43":"b","44":"-","45":"s","46":"e","47":"a","48":"r","49":"c","50":"h","51":"\\","52":"\\","53":"s","54":"r","55":"c","56":"\\","57":"\\","58":"c","59":"o","60":"m","61":"p","62":"o","63":"n","64":"e","65":"n","66":"t","67":"s","68":"\\","69":"\\","70":"H","71":"e","72":"a","73":"d","74":"L","75":"i","76":"n","77":"e","78":".","79":"v","80":"u","81":"e","82":"\"","83":"]","84":",","85":"\"","86":"n","87":"a","88":"m","89":"e","90":"s","91":"\"","92":":","93":"[","94":"]","95":",","96":"\"","97":"m","98":"a","99":"p","100":"p","101":"i","102":"n","103":"g","104":"s","105":"\"","106":":","107":"\"","108":";","109":";","110":";","111":";","112":";","113":";","114":";","115":";","116":"A","117":"A","118":"e","119":"A","120":";","121":"A","122":"A","123":"A","124":"A","125":";","126":"A","127":"A","128":"A","129":"A","130":";","131":"A","132":"A","133":"A","134":"0","135":"D","136":";","137":"A","138":"A","139":"A","140":"A","141":",","142":"e","143":"A","144":"C","145":"3","146":"C","147":";","148":"E","149":"A","150":"C","151":"b","152":",","153":"I","154":"A","155":"A","156":"I","157":",","158":"E","159":"A","160":"A","161":"E","162":",","163":"U","164":"A","165":"A","166":"U","167":";","168":"E","169":"A","170":"C","171":"h","172":"B","173":",","174":"I","175":"A","176":"A","177":"I","178":",","179":"G","180":"A","181":"A","182":"G","183":";","184":"I","185":"A","186":"C","187":"L","188":",","189":"O","190":"A","191":"A","192":"O","193":";","194":"M","195":"A","196":"C","197":"L","198":",","199":"M","200":"A","201":"A","202":"M","203":",","204":"E","205":"A","206":"A","207":"E","208":",","209":"O","210":"A","211":"A","212":"O","213":";","214":"M","215":"A","216":"C","217":"f","218":",","219":"Q","220":"A","221":"A","222":"Q","223":",","224":"E","225":"A","226":"A","227":"E","228":";","229":"I","230":"A","231":"C","232":"Z","233":",","234":"C","235":"A","236":"A","237":"C","238":";","239":"E","240":"A","241":"C","242":"H","243":",","244":"C","245":"A","246":"A","247":"C","248":";","249":"E","250":"A","251":"C","252":"D","253":",","254":"Q","255":"A","256":"A","257":"Q","258":",","259":"E","260":"A","261":"A","262":"E","263":";","264":"I","265":"A","266":"C","267":"R","268":",","269":"a","270":"A","271":"A","272":"a","273":",","274":"G","275":"A","276":"A","277":"G","278":";","279":"M","280":"A","281":"C","282":"d","283":",","284":"O","285":"A","286":"A","287":"O","288":";","289":"Q","290":"A","291":"C","292":"L","293":";","294":";","295":";","296":";","297":";","298":";","299":"Q","300":"A","301":"M","302":"A","303":",","304":"C","305":"A","306":"A","307":"C","308":",","309":"I","310":"A","311":"A","312":"I","313":",","314":"C","315":"A","316":"A","317":"C","318":",","319":"M","320":"A","321":"A","322":"M","323":",","324":"C","325":"A","326":"A","327":"C","328":",","329":"W","330":"A","331":"A","332":"W","333":",","334":"E","335":"A","336":"A","337":"E","338":",","339":"G","340":"A","341":"A","342":"G","343":";","344":"M","345":"A","346":"C","347":"/","348":"B","349":",","350":"C","351":"A","352":"A","353":"C","354":";","355":"I","356":"A","357":"C","358":"H","359":";","360":"E","361":"A","362":"C","363":"F","364":",","365":"C","366":"A","367":"A","368":"C","369":";","370":"E","371":"A","372":"C","373":"D","374":",","375":"O","376":"A","377":"A","378":"O","379":",","380":"G","381":"A","382":"A","383":"G","384":";","385":"I","386":"A","387":"C","388":"R","389":",","390":"I","391":"A","392":"A","393":"I","394":",","395":"C","396":"A","397":"A","398":"C","399":",","400":"W","401":"A","402":"A","403":"W","404":",","405":"E","406":"A","407":"A","408":"E","409":";","410":"E","411":"A","412":"C","413":"p","414":"B","415":",","416":"C","417":"A","418":"A","419":"C","420":";","421":"E","422":"A","423":"C","424":"D","425":",","426":"a","427":"A","428":"A","429":"a","430":",","431":"G","432":"A","433":"A","434":"G","435":";","436":"I","437":"A","438":"C","439":"d","440":",","441":"a","442":"A","443":"A","444":"a","445":",","446":"C","447":"A","448":"A","449":"C","450":",","451":"I","452":"A","453":"A","454":"I","455":",","456":"C","457":"A","458":"A","459":"C","460":",","461":"Q","462":"A","463":"A","464":"Q","465":",","466":"C","467":"A","468":"A","469":"C","470":";","471":"E","472":"A","473":"C","474":"9","475":"B","476":",","477":"C","478":"A","479":"A","480":"C","481":";","482":"E","483":"A","484":"C","485":"D","486":",","487":"O","488":"A","489":"A","490":"O","491":",","492":"E","493":"A","494":"A","495":"E","496":";","497":"I","498":"A","499":"C","500":"P","501":",","502":"W","503":"A","504":"A","505":"W","506":",","507":"G","508":"A","509":"A","510":"G","511":";","512":"M","513":"A","514":"C","515":"Z","516":",","517":"I","518":"A","519":"A","520":"I","521":",","522":"C","523":"A","524":"A","525":"C","526":",","527":"Q","528":"A","529":"A","530":"Q","531":",","532":"G","533":"A","534":"A","535":"G","536":",","537":"W","538":"A","539":"A","540":"W","541":",","542":"C","543":"A","544":"A","545":"C","546":",","547":"M","548":"A","549":"A","550":"M","551":";","552":"Q","553":"A","554":"C","555":"h","556":"C","557":",","558":"M","559":"A","560":"A","561":"M","562":",","563":"O","564":"A","565":"A","566":"O","567":",","568":"G","569":"A","570":"A","571":"G","572":",","573":"C","574":"A","575":"A","576":"C","577":",","578":"O","579":"A","580":"A","581":"O","582":",","583":"E","584":"A","585":"A","586":"E","587":",","588":"Q","589":"A","590":"A","591":"Q","592":",","593":"E","594":"A","595":"A","596":"E","597":",","598":"Q","599":"A","600":"A","601":"Q","602":",","603":"E","604":"A","605":"A","606":"E","607":",","608":"M","609":"A","610":"A","611":"M","612":",","613":"C","614":"A","615":"A","616":"C","617":";","618":"Q","619":"A","620":"C","621":"r","622":"D","623":",","624":"M","625":"A","626":"A","627":"M","628":",","629":"U","630":"A","631":"A","632":"U","633":";","634":"Q","635":"A","636":"A","637":"G","638":";","639":"Q","640":"A","641":"A","642":"A","643":";","644":"Q","645":"A","646":"A","647":"A","648":";","649":"Q","650":"A","651":"A","652":"A","653":";","654":"Q","655":"A","656":"A","657":"A","658":";","659":"Q","660":"A","661":"A","662":"A","663":",","664":"O","665":"A","666":"A","667":"i","668":"B","669":",","670":"E","671":"A","672":"A","673":"C","674":",","675":"O","676":"A","677":"A","678":"O","679":",","680":"E","681":"A","682":"A","683":"E","684":",","685":"I","686":"A","687":"A","688":"I","689":",","690":"C","691":"A","692":"A","693":"C","694":",","695":"M","696":"A","697":"A","698":"M","699":",","700":"C","701":"A","702":"A","703":"C","704":";","705":"Q","706":"A","707":"C","708":"1","709":"D","710":",","711":"I","712":"A","713":"A","714":"I","715":",","716":"C","717":"A","718":"A","719":"C","720":",","721":"M","722":"A","723":"A","724":"M","725":",","726":"G","727":"A","728":"A","729":"G","730":",","731":"U","732":"A","733":"A","734":"U","735":";","736":"M","737":"A","738":"C","739":"1","740":"B","741":",","742":"C","743":"A","744":"A","745":"C","746":",","747":"E","748":"A","749":"A","750":"E","751":",","752":"I","753":"A","754":"A","755":"I","756":",","757":"C","758":"A","759":"A","760":"C","761":";","762":"I","763":"A","764":"C","765":"V","766":";","767":"E","768":"A","769":"C","770":"F","771":";","772":"A","773":"A","774":"C","775":"F","776":",","777":"C","778":"A","779":"A","780":"C","781":";","782":"A","783":"A","784":"A","785":"A","786":";","787":"A","788":"A","789":"A","790":"A","791":"\"","792":",","793":"\"","794":"f","795":"i","796":"l","797":"e","798":"\"","799":":","800":"\"","801":"E","802":":","803":"\\","804":"\\","805":"T","806":"U","807":"T","808":"O","809":"R","810":"\\","811":"\\","812":"V","813":"U","814":"E","815":"\\","816":"\\","817":"j","818":"o","819":"b","820":"-","821":"s","822":"e","823":"a","824":"r","825":"c","826":"h","827":"\\","828":"\\","829":"s","830":"r","831":"c","832":"\\","833":"\\","834":"c","835":"o","836":"m","837":"p","838":"o","839":"n","840":"e","841":"n","842":"t","843":"s","844":"\\","845":"\\","846":"H","847":"e","848":"a","849":"d","850":"L","851":"i","852":"n","853":"e","854":".","855":"v","856":"u","857":"e","858":"\"","859":",","860":"\"","861":"s","862":"o","863":"u","864":"r","865":"c","866":"e","867":"s","868":"C","869":"o","870":"n","871":"t","872":"e","873":"n","874":"t","875":"\"","876":":","877":"[","878":"\"","879":"<","880":"t","881":"e","882":"m","883":"p","884":"l","885":"a","886":"t","887":"e","888":">","889":"\\","890":"n","891":" ","892":" ","893":"<","894":"s","895":"e","896":"c","897":"t","898":"i","899":"o","900":"n","901":" ","902":"c","903":"l","904":"a","905":"s","906":"s","907":"=","908":"\\","909":"\"","910":"m","911":"b","912":"-","913":"1","914":"6","915":"\\","916":"\"","917":">","918":"\\","919":"n","920":" ","921":" ","922":" ","923":" ","924":"<","925":"h","926":"1","927":"\\","928":"n","929":" ","930":" ","931":" ","932":" ","933":" ","934":" ","935":"c","936":"l","937":"a","938":"s","939":"s","940":"=","941":"\\","942":"\"","943":"f","944":"o","945":"n","946":"t","947":"-","948":"b","949":"o","950":"l","951":"d","952":" ","953":"t","954":"r","955":"a","956":"c","957":"k","958":"i","959":"n","960":"g","961":"-","962":"t","963":"i","964":"g","965":"h","966":"t","967":"e","968":"r","969":" ","970":"t","971":"e","972":"x","973":"t","974":"-","975":"8","976":"x","977":"l","978":" ","979":"m","980":"b","981":"-","982":"1","983":"4","984":"\\","985":"\"","986":"\\","987":"n","988":" ","989":" ","990":" ","991":" ","992":" ","993":" ","994":"d","995":"a","996":"t","997":"a","998":"-","999":"t","1000":"e","1001":"s","1002":"t","1003":"=","1004":"\\","1005":"\"","1006":"a","1007":"c","1008":"t","1009":"i","1010":"o","1011":"n","1012":"-","1013":"p","1014":"h","1015":"r","1016":"a","1017":"s","1018":"e","1019":"\\","1020":"\"","1021":"\\","1022":"n","1023":" ","1024":" ","1025":" ","1026":" ","1027":">","1028":"\\","1029":"n","1030":" ","1031":" ","1032":" ","1033":" ","1034":" ","1035":" ","1036":"<","1037":"s","1038":"p","1039":"a","1040":"n","1041":" ","1042":":","1043":"c","1044":"l","1045":"a","1046":"s","1047":"s","1048":"=","1049":"\\","1050":"\"","1051":"a","1052":"c","1053":"t","1054":"i","1055":"o","1056":"n","1057":"C","1058":"l","1059":"a","1060":"s","1061":"s","1062":"e","1063":"s","1064":"\\","1065":"\"","1066":">","1067":"{","1068":"{","1069":" ","1070":"a","1071":"c","1072":"t","1073":"i","1074":"o","1075":"n","1076":" ","1077":"}","1078":"}","1079":" ","1080":"<","1081":"/","1082":"s","1083":"p","1084":"a","1085":"n","1086":">","1087":"\\","1088":"n","1089":" ","1090":" ","1091":" ","1092":" ","1093":" ","1094":" ","1095":"<","1096":"b","1097":"r","1098":" ","1099":"/","1100":">","1101":"\\","1102":"n","1103":" ","1104":" ","1105":" ","1106":" ","1107":" ","1108":" ","1109":"f","1110":"o","1111":"r","1112":" ","1113":"e","1114":"v","1115":"e","1116":"r","1117":"y","1118":"o","1119":"n","1120":"e","1121":"\\","1122":"n","1123":" ","1124":" ","1125":" ","1126":" ","1127":"<","1128":"/","1129":"h","1130":"1","1131":">","1132":"\\","1133":"n","1134":" ","1135":" ","1136":" ","1137":" ","1138":"<","1139":"h","1140":"2","1141":" ","1142":"c","1143":"l","1144":"a","1145":"s","1146":"s","1147":"=","1148":"\\","1149":"\"","1150":"t","1151":"e","1152":"x","1153":"t","1154":"-","1155":"3","1156":"x","1157":"l","1158":" ","1159":"f","1160":"o","1161":"n","1162":"t","1163":"-","1164":"l","1165":"i","1166":"g","1167":"h","1168":"t","1169":"\\","1170":"\"","1171":">","1172":"F","1173":"i","1174":"n","1175":"d","1176":" ","1177":"y","1178":"o","1179":"u","1180":"r","1181":" ","1182":"N","1183":"e","1184":"x","1185":"t","1186":" ","1187":"j","1188":"o","1189":"b","1190":" ","1191":"A","1192":"f","1193":"w","1194":"i","1195":"t","1196":"<","1197":"/","1198":"h","1199":"2","1200":">","1201":"\\","1202":"n","1203":" ","1204":" ","1205":"<","1206":"/","1207":"s","1208":"e","1209":"c","1210":"t","1211":"i","1212":"o","1213":"n","1214":">","1215":"\\","1216":"n","1217":"<","1218":"/","1219":"t","1220":"e","1221":"m","1222":"p","1223":"l","1224":"a","1225":"t","1226":"e","1227":">","1228":"\\","1229":"n","1230":"\\","1231":"n","1232":"<","1233":"s","1234":"c","1235":"r","1236":"i","1237":"p","1238":"t","1239":">","1240":"\\","1241":"n","1242":"i","1243":"m","1244":"p","1245":"o","1246":"r","1247":"t","1248":" ","1249":"n","1250":"e","1251":"x","1252":"t","1253":"E","1254":"l","1255":"e","1256":"m","1257":"e","1258":"n","1259":"t","1260":"I","1261":"n","1262":"L","1263":"i","1264":"s","1265":"t","1266":" ","1267":"f","1268":"r","1269":"o","1270":"m","1271":" ","1272":"\\","1273":"\"","1274":"@","1275":"/","1276":"u","1277":"t","1278":"i","1279":"l","1280":"s","1281":"/","1282":"n","1283":"e","1284":"x","1285":"t","1286":"E","1287":"l","1288":"e","1289":"m","1290":"e","1291":"n","1292":"t","1293":"I","1294":"n","1295":"L","1296":"i","1297":"s","1298":"t","1299":"\\","1300":"\"","1301":";","1302":"\\","1303":"n","1304":"e","1305":"x","1306":"p","1307":"o","1308":"r","1309":"t","1310":" ","1311":"d","1312":"e","1313":"f","1314":"a","1315":"u","1316":"l","1317":"t","1318":" ","1319":"{","1320":"\\","1321":"n","1322":" ","1323":" ","1324":"n","1325":"a","1326":"m","1327":"e","1328":":","1329":" ","1330":"\\","1331":"\"","1332":"H","1333":"e","1334":"a","1335":"d","1336":"L","1337":"i","1338":"n","1339":"e","1340":"\\","1341":"\"","1342":",","1343":"\\","1344":"n","1345":" ","1346":" ","1347":"d","1348":"a","1349":"t","1350":"a","1351":"(","1352":")","1353":" ","1354":"{","1355":"\\","1356":"n","1357":" ","1358":" ","1359":" ","1360":" ","1361":"r","1362":"e","1363":"t","1364":"u","1365":"r","1366":"n","1367":" ","1368":"{","1369":"\\","1370":"n","1371":" ","1372":" ","1373":" ","1374":" ","1375":" ","1376":" ","1377":"a","1378":"c","1379":"t","1380":"i","1381":"o","1382":"n","1383":":","1384":" ","1385":"\\","1386":"\"","1387":"B","1388":"u","1389":"i","1390":"l","1391":"d","1392":"\\","1393":"\"","1394":",","1395":"\\","1396":"n","1397":" ","1398":" ","1399":" ","1400":" ","1401":" ","1402":" ","1403":"i","1404":"n","1405":"t","1406":"e","1407":"r","1408":"v","1409":"a","1410":"l","1411":":","1412":" ","1413":"n","1414":"u","1415":"l","1416":"l","1417":",","1418":"\\","1419":"n","1420":" ","1421":" ","1422":" ","1423":" ","1424":"}","1425":";","1426":"\\","1427":"n","1428":" ","1429":" ","1430":"}","1431":",","1432":"\\","1433":"n","1434":" ","1435":" ","1436":"c","1437":"o","1438":"m","1439":"p","1440":"u","1441":"t","1442":"e","1443":"d","1444":":","1445":" ","1446":"{","1447":"\\","1448":"n","1449":" ","1450":" ","1451":" ","1452":" ","1453":"a","1454":"c","1455":"t","1456":"i","1457":"o","1458":"n","1459":"C","1460":"l","1461":"a","1462":"s","1463":"s","1464":"e","1465":"s","1466":"(","1467":")","1468":" ","1469":"{","1470":"\\","1471":"n","1472":" ","1473":" ","1474":" ","1475":" ","1476":" ","1477":" ","1478":"r","1479":"e","1480":"t","1481":"u","1482":"r","1483":"n","1484":" ","1485":"{","1486":"\\","1487":"n","1488":" ","1489":" ","1490":" ","1491":" ","1492":" ","1493":" ","1494":" ","1495":" ","1496":"/","1497":"*","1498":"\\","1499":"n","1500":" ","1501":" ","1502":" ","1503":" ","1504":" ","1505":" ","1506":" ","1507":" ","1508":"b","1509":"u","1510":"i","1511":"l","1512":"d","1513":":","1514":" ","1515":"t","1516":"h","1517":"i","1518":"s","1519":".","1520":"a","1521":"c","1522":"t","1523":"i","1524":"o","1525":"n","1526":" ","1527":"=","1528":"=","1529":"=","1530":" ","1531":"\\","1532":"\"","1533":"B","1534":"u","1535":"i","1536":"l","1537":"d","1538":"\\","1539":"\"","1540":",","1541":"\\","1542":"n","1543":" ","1544":" ","1545":" ","1546":" ","1547":" ","1548":" ","1549":" ","1550":" ","1551":"c","1552":"r","1553":"e","1554":"a","1555":"t","1556":"e","1557":":","1558":" ","1559":"t","1560":"h","1561":"i","1562":"s","1563":".","1564":"a","1565":"c","1566":"t","1567":"i","1568":"o","1569":"n","1570":" ","1571":"=","1572":"=","1573":"=","1574":" ","1575":"\\","1576":"\"","1577":"C","1578":"r","1579":"e","1580":"a","1581":"t","1582":"e","1583":"\\","1584":"\"","1585":",","1586":"\\","1587":"n","1588":" ","1589":" ","1590":" ","1591":" ","1592":" ","1593":" ","1594":" ","1595":" ","1596":"d","1597":"e","1598":"s","1599":"i","1600":"g","1601":"n","1602":":","1603":" ","1604":"t","1605":"h","1606":"i","1607":"s","1608":".","1609":"a","1610":"c","1611":"t","1612":"i","1613":"o","1614":"n","1615":" ","1616":"=","1617":"=","1618":"=","1619":" ","1620":"\\","1621":"\"","1622":"D","1623":"e","1624":"s","1625":"i","1626":"g","1627":"n","1628":"\\","1629":"\"","1630":",","1631":"\\","1632":"n","1633":" ","1634":" ","1635":" ","1636":" ","1637":" ","1638":" ","1639":" ","1640":" ","1641":"c","1642":"o","1643":"d","1644":"e","1645":":","1646":" ","1647":"t","1648":"h","1649":"i","1650":"s","1651":".","1652":"a","1653":"c","1654":"t","1655":"i","1656":"o","1657":"n","1658":" ","1659":"=","1660":"=","1661":"=","1662":" ","1663":"\\","1664":"\"","1665":"C","1666":"o","1667":"d","1668":"e","1669":"\\","1670":"\"","1671":",","1672":"\\","1673":"n","1674":" ","1675":" ","1676":" ","1677":" ","1678":" ","1679":" ","1680":" ","1681":" ","1682":"*","1683":"/","1684":"\\","1685":"n","1686":" ","1687":" ","1688":" ","1689":" ","1690":" ","1691":" ","1692":" ","1693":" ","1694":"[","1695":"t","1696":"h","1697":"i","1698":"s","1699":".","1700":"a","1701":"c","1702":"t","1703":"i","1704":"o","1705":"n","1706":".","1707":"t","1708":"o","1709":"L","1710":"o","1711":"w","1712":"e","1713":"r","1714":"C","1715":"a","1716":"s","1717":"e","1718":"(","1719":")","1720":"]","1721":":","1722":" ","1723":"t","1724":"r","1725":"u","1726":"e","1727":",","1728":"\\","1729":"n","1730":" ","1731":" ","1732":" ","1733":" ","1734":" ","1735":" ","1736":"}","1737":";","1738":"\\","1739":"n","1740":" ","1741":" ","1742":" ","1743":" ","1744":"}","1745":",","1746":"\\","1747":"n","1748":" ","1749":" ","1750":"}","1751":",","1752":"\\","1753":"n","1754":" ","1755":" ","1756":"c","1757":"r","1758":"e","1759":"a","1760":"t","1761":"e","1762":"d","1763":"(","1764":")","1765":" ","1766":"{","1767":"\\","1768":"n","1769":" ","1770":" ","1771":" ","1772":" ","1773":"t","1774":"h","1775":"i","1776":"s","1777":".","1778":"c","1779":"h","1780":"a","1781":"n","1782":"g","1783":"e","1784":"T","1785":"i","1786":"t","1787":"l","1788":"e","1789":"(","1790":")","1791":";","1792":"\\","1793":"n","1794":" ","1795":" ","1796":"}","1797":",","1798":"\\","1799":"n","1800":" ","1801":" ","1802":"b","1803":"e","1804":"f","1805":"o","1806":"r","1807":"e","1808":"U","1809":"n","1810":"m","1811":"o","1812":"u","1813":"n","1814":"t","1815":"(","1816":")","1817":" ","1818":"{","1819":"\\","1820":"n","1821":" ","1822":" ","1823":" ","1824":" ","1825":"c","1826":"l","1827":"e","1828":"a","1829":"r","1830":"I","1831":"n","1832":"t","1833":"e","1834":"r","1835":"v","1836":"a","1837":"l","1838":"(","1839":"t","1840":"h","1841":"i","1842":"s","1843":".","1844":"i","1845":"n","1846":"t","1847":"e","1848":"r","1849":"v","1850":"a","1851":"l","1852":")","1853":";","1854":"\\","1855":"n","1856":" ","1857":" ","1858":"}","1859":",","1860":"\\","1861":"n","1862":" ","1863":" ","1864":"m","1865":"e","1866":"t","1867":"h","1868":"o","1869":"d","1870":"s","1871":":","1872":" ","1873":"{","1874":"\\","1875":"n","1876":" ","1877":" ","1878":" ","1879":" ","1880":"c","1881":"h","1882":"a","1883":"n","1884":"g","1885":"e","1886":"T","1887":"i","1888":"t","1889":"l","1890":"e","1891":"(","1892":")","1893":" ","1894":"{","1895":"\\","1896":"n","1897":" ","1898":" ","1899":" ","1900":" ","1901":" ","1902":" ","1903":"t","1904":"h","1905":"i","1906":"s","1907":".","1908":"i","1909":"n","1910":"t","1911":"e","1912":"r","1913":"v","1914":"a","1915":"l","1916":" ","1917":"=","1918":" ","1919":"s","1920":"e","1921":"t","1922":"I","1923":"n","1924":"t","1925":"e","1926":"r","1927":"v","1928":"a","1929":"l","1930":"(","1931":"(","1932":")","1933":" ","1934":"=","1935":">","1936":" ","1937":"{","1938":"\\","1939":"n","1940":" ","1941":" ","1942":" ","1943":" ","1944":" ","1945":" ","1946":" ","1947":" ","1948":"c","1949":"o","1950":"n","1951":"s","1952":"t","1953":" ","1954":"a","1955":"c","1956":"t","1957":"i","1958":"o","1959":"n","1960":"s","1961":" ","1962":"=","1963":" ","1964":"[","1965":"\\","1966":"\"","1967":"B","1968":"u","1969":"i","1970":"l","1971":"d","1972":"\\","1973":"\"","1974":",","1975":" ","1976":"\\","1977":"\"","1978":"C","1979":"r","1980":"e","1981":"a","1982":"t","1983":"e","1984":"\\","1985":"\"","1986":",","1987":" ","1988":"\\","1989":"\"","1990":"D","1991":"e","1992":"s","1993":"i","1994":"g","1995":"n","1996":"\\","1997":"\"","1998":",","1999":" ","2000":"\\","2001":"\"","2002":"C","2003":"o","2004":"d","2005":"e","2006":"\\","2007":"\"","2008":"]","2009":";","2010":"\\","2011":"n","2012":" ","2013":" ","2014":" ","2015":" ","2016":" ","2017":" ","2018":" ","2019":" ","2020":"c","2021":"o","2022":"n","2023":"s","2024":"t","2025":" ","2026":"n","2027":"e","2028":"x","2029":"t","2030":"A","2031":"c","2032":"t","2033":"i","2034":"o","2035":"n","2036":" ","2037":"=","2038":" ","2039":"n","2040":"e","2041":"x","2042":"t","2043":"E","2044":"l","2045":"e","2046":"m","2047":"e","2048":"n","2049":"t","2050":"I","2051":"n","2052":"L","2053":"i","2054":"s","2055":"t","2056":"(","2057":"a","2058":"c","2059":"t","2060":"i","2061":"o","2062":"n","2063":"s","2064":",","2065":" ","2066":"t","2067":"h","2068":"i","2069":"s","2070":".","2071":"a","2072":"c","2073":"t","2074":"i","2075":"o","2076":"n","2077":")","2078":";","2079":"\\","2080":"n","2081":" ","2082":" ","2083":" ","2084":" ","2085":" ","2086":" ","2087":" ","2088":" ","2089":"t","2090":"h","2091":"i","2092":"s","2093":".","2094":"a","2095":"c","2096":"t","2097":"i","2098":"o","2099":"n","2100":" ","2101":"=","2102":" ","2103":"n","2104":"e","2105":"x","2106":"t","2107":"A","2108":"c","2109":"t","2110":"i","2111":"o","2112":"n","2113":";","2114":"\\","2115":"n","2116":" ","2117":" ","2118":" ","2119":" ","2120":" ","2121":" ","2122":"}","2123":",","2124":" ","2125":"3","2126":"0","2127":"0","2128":"0","2129":")","2130":";","2131":"\\","2132":"n","2133":" ","2134":" ","2135":" ","2136":" ","2137":"}","2138":",","2139":"\\","2140":"n","2141":" ","2142":" ","2143":"}","2144":",","2145":"\\","2146":"n","2147":"}","2148":";","2149":"\\","2150":"n","2151":"<","2152":"/","2153":"s","2154":"c","2155":"r","2156":"i","2157":"p","2158":"t","2159":">","2160":"\\","2161":"n","2162":"<","2163":"s","2164":"t","2165":"y","2166":"l","2167":"e","2168":" ","2169":"s","2170":"c","2171":"o","2172":"p","2173":"e","2174":"d","2175":">","2176":"\\","2177":"n","2178":".","2179":"b","2180":"u","2181":"i","2182":"l","2183":"d","2184":" ","2185":"{","2186":"\\","2187":"n","2188":" ","2189":" ","2190":"c","2191":"o","2192":"l","2193":"o","2194":"r","2195":":","2196":" ","2197":"#","2198":"1","2199":"a","2200":"7","2201":"3","2202":"e","2203":"8","2204":";","2205":"\\","2206":"n","2207":"}","2208":"\\","2209":"n","2210":".","2211":"c","2212":"r","2213":"e","2214":"a","2215":"t","2216":"e","2217":" ","2218":"{","2219":"\\","2220":"n","2221":" ","2222":" ","2223":"c","2224":"o","2225":"l","2226":"o","2227":"r","2228":":","2229":" ","2230":"#","2231":"3","2232":"4","2233":"a","2234":"8","2235":"5","2236":"3","2237":";","2238":"\\","2239":"n","2240":"}","2241":"\\","2242":"n","2243":".","2244":"d","2245":"e","2246":"s","2247":"i","2248":"g","2249":"n","2250":" ","2251":"{","2252":"\\","2253":"n","2254":" ","2255":" ","2256":"c","2257":"o","2258":"l","2259":"o","2260":"r","2261":":","2262":" ","2263":"#","2264":"f","2265":"9","2266":"a","2267":"b","2268":"0","2269":"0","2270":";","2271":"\\","2272":"n","2273":"}","2274":"\\","2275":"n","2276":".","2277":"c","2278":"o","2279":"d","2280":"e","2281":" ","2282":"{","2283":"\\","2284":"n","2285":" ","2286":" ","2287":"c","2288":"o","2289":"l","2290":"o","2291":"r","2292":":","2293":" ","2294":"#","2295":"d","2296":"9","2297":"3","2298":"0","2299":"2","2300":"5","2301":";","2302":"\\","2303":"n","2304":"}","2305":"\\","2306":"n","2307":"<","2308":"/","2309":"s","2310":"t","2311":"y","2312":"l","2313":"e","2314":">","2315":"\\","2316":"n","2317":"\"","2318":"]","2319":"}"},"_coverageSchema":"1a1c01bbd47fc00a2c39e90264f33305004495a9","hash":"dd783be9e1a44f529102b6f3bb79e012e33ac558"}
,"E:\\TUTOR\\VUE\\job-search\\src\\components\\Nav\\MainNav.vue": {"path":"E:\\TUTOR\\VUE\\job-search\\src\\components\\Nav\\MainNav.vue","statementMap":{"0":{"start":{"line":4,"column":29},"end":{"line":4,"column":132}},"1":{"start":{"line":5,"column":0},"end":{"line":7,"column":3}},"2":{"start":{"line":8,"column":0},"end":{"line":8,"column":25}},"3":{"start":{"line":65,"column":0},"end":{"line":65,"column":13}},"4":{"start":{"line":67,"column":0},"end":{"line":69,"column":3}},"5":{"start":{"line":70,"column":0},"end":{"line":70,"column":24}},"6":{"start":{"line":71,"column":11},"end":{"line":71,"column":25}},"7":{"start":{"line":72,"column":19},"end":{"line":74,"column":1}},"8":{"start":{"line":75,"column":19},"end":{"line":77,"column":1}},"9":{"start":{"line":78,"column":19},"end":{"line":78,"column":27}},"10":{"start":{"line":79,"column":19},"end":{"line":81,"column":1}},"11":{"start":{"line":82,"column":19},"end":{"line":84,"column":1}},"12":{"start":{"line":85,"column":19},"end":{"line":88,"column":1}},"13":{"start":{"line":89,"column":19},"end":{"line":91,"column":1}},"14":{"start":{"line":93,"column":35},"end":{"line":93,"column":78}},"15":{"start":{"line":94,"column":35},"end":{"line":94,"column":78}},"16":{"start":{"line":95,"column":29},"end":{"line":95,"column":66}},"17":{"start":{"line":96,"column":2},"end":{"line":122,"column":72}},"18":{"start":{"line":102,"column":4},"end":{"line":106,"column":107}},"19":{"start":{"line":123,"column":2},"end":{"line":123,"column":49}}},"fnMap":{"0":{"name":"render","decl":{"start":{"line":92,"column":9},"end":{"line":92,"column":15}},"loc":{"start":{"line":92,"column":30},"end":{"line":123,"column":1}},"line":92},"1":{"name":"(anonymous_1)","decl":{"start":{"line":101,"column":292},"end":{"line":101,"column":293}},"loc":{"start":{"line":101,"column":304},"end":{"line":107,"column":3}},"line":101}},"branchMap":{"0":{"loc":{"start":{"line":107,"column":87},"end":{"line":119,"column":39}},"type":"cond-expr","locations":[{"start":{"line":107,"column":106},"end":{"line":112,"column":38}},{"start":{"line":112,"column":43},"end":{"line":119,"column":38}}],"line":107},"1":{"loc":{"start":{"line":119,"column":88},"end":{"line":122,"column":50}},"type":"cond-expr","locations":[{"start":{"line":119,"column":107},"end":{"line":122,"column":4}},{"start":{"line":122,"column":8},"end":{"line":122,"column":50}}],"line":119}},"s":{"0":1,"1":1,"2":1,"3":1,"4":1,"5":1,"6":1,"7":1,"8":1,"9":1,"10":1,"11":1,"12":1,"13":1,"14":7,"15":7,"16":7,"17":7,"18":42,"19":1},"f":{"0":7,"1":42},"b":{"0":[2,5],"1":[2,5]},"inputSourceMap":{"0":"{","1":"\"","2":"v","3":"e","4":"r","5":"s","6":"i","7":"o","8":"n","9":"\"","10":":","11":"3","12":",","13":"\"","14":"s","15":"o","16":"u","17":"r","18":"c","19":"e","20":"s","21":"\"","22":":","23":"[","24":"\"","25":"E","26":":","27":"\\","28":"\\","29":"T","30":"U","31":"T","32":"O","33":"R","34":"\\","35":"\\","36":"V","37":"U","38":"E","39":"\\","40":"\\","41":"j","42":"o","43":"b","44":"-","45":"s","46":"e","47":"a","48":"r","49":"c","50":"h","51":"\\","52":"\\","53":"s","54":"r","55":"c","56":"\\","57":"\\","58":"c","59":"o","60":"m","61":"p","62":"o","63":"n","64":"e","65":"n","66":"t","67":"s","68":"\\","69":"\\","70":"N","71":"a","72":"v","73":"\\","74":"\\","75":"M","76":"a","77":"i","78":"n","79":"N","80":"a","81":"v","82":".","83":"v","84":"u","85":"e","86":"\"","87":"]","88":",","89":"\"","90":"n","91":"a","92":"m","93":"e","94":"s","95":"\"","96":":","97":"[","98":"]","99":",","100":"\"","101":"m","102":"a","103":"p","104":"p","105":"i","106":"n","107":"g","108":"s","109":"\"","110":":","111":"\"","112":";","113":";","114":";","115":";","116":";","117":";","118":";","119":";","120":"A","121":"A","122":"8","123":"C","124":"A","125":";","126":"A","127":"A","128":"A","129":"A","130":";","131":"A","132":"A","133":"A","134":"A","135":";","136":"A","137":"A","138":"C","139":"A","140":";","141":"A","142":"A","143":"A","144":"A","145":";","146":"A","147":"A","148":"A","149":"A","150":";","151":"A","152":"A","153":"C","154":"A","155":";","156":"A","157":"A","158":"A","159":"A","160":";","161":"A","162":"A","163":"A","164":"A","165":";","166":"A","167":"A","168":"A","169":"i","170":"D","171":";","172":"A","173":"A","174":"A","175":"A","176":",","177":"e","178":"A","179":"C","180":"l","181":"C","182":";","183":"E","184":"A","185":"C","186":"b","187":",","188":"I","189":"A","190":"A","191":"I","192":",","193":"E","194":"A","195":"A","196":"E","197":",","198":"S","199":"A","200":"A","201":"S","202":";","203":"E","204":"A","205":"C","206":"f","207":",","208":"U","209":"A","210":"A","211":"U","212":",","213":"E","214":"A","215":"A","216":"E","217":";","218":"I","219":"A","220":"A","221":"E","222":",","223":"Y","224":"A","225":"A","226":"Y","227":";","228":"I","229":"A","230":"A","231":"Z","232":";","233":"I","234":"A","235":"A","236":"A","237":";","238":"I","239":"A","240":"A","241":"A","242":";","243":"I","244":"A","245":"A","246":"A","247":",","248":"O","249":"A","250":"A","251":"Y","252":";","253":"I","254":"A","255":"A","256":"E","257":",","258":"Y","259":"A","260":"A","261":"Y","262":";","263":"I","264":"A","265":"A","266":"Z","267":";","268":"I","269":"A","270":"A","271":"A","272":";","273":"I","274":"A","275":"A","276":"A","277":";","278":"I","279":"A","280":"A","281":"A","282":",","283":"O","284":"A","285":"A","286":"Y","287":";","288":"I","289":"A","290":"A","291":"E","292":",","293":"M","294":"A","295":"A","296":"M","297":";","298":"I","299":"A","300":"A","301":"N","302":";","303":"I","304":"A","305":"A","306":"A","307":";","308":"I","309":"A","310":"A","311":"A","312":";","313":"I","314":"A","315":"A","316":"A","317":";","318":"E","319":"A","320":"A","321":"O","322":",","323":"C","324":"A","325":"A","326":"C","327":";","328":"E","329":"A","330":"C","331":"l","332":"D","333":",","334":"I","335":"A","336":"A","337":"I","338":",","339":"G","340":"A","341":"A","342":"G","343":";","344":"I","345":"A","346":"C","347":"L","348":",","349":"O","350":"A","351":"A","352":"O","353":";","354":"M","355":"A","356":"C","357":"L","358":",","359":"O","360":"A","361":"A","362":"O","363":",","364":"E","365":"A","366":"A","367":"E","368":",","369":"e","370":"A","371":"A","372":"e","373":";","374":"M","375":"A","376":"C","377":"x","378":"B","379":",","380":"G","381":"A","382":"A","383":"G","384":",","385":"E","386":"A","387":"A","388":"E","389":",","390":"4","391":"B","392":"A","393":"A","394":"4","395":"B","396":";","397":"M","398":"A","399":"C","400":"j","401":"C","402":",","403":"S","404":"A","405":"A","406":"S","407":",","408":"E","409":"A","410":"A","411":"E","412":",","413":"C","414":"A","415":"C","416":"T","417":",","418":"O","419":"A","420":"A","421":"O","422":",","423":"E","424":"A","425":"C","426":"P","427":",","428":"W","429":"A","430":"A","431":"W","432":",","433":"E","434":"A","435":"C","436":"X","437":",","438":"e","439":"A","440":"A","441":"e","442":",","443":"E","444":"A","445":"C","446":"f","447":",","448":"a","449":"A","450":"A","451":"a","452":",","453":"E","454":"A","455":"C","456":"b","457":",","458":"U","459":"A","460":"A","461":"U","462":",","463":"E","464":"A","465":"C","466":"V","467":",","468":"M","469":"A","470":"A","471":"M","472":",","473":"C","474":"A","475":"C","476":"P","477":";","478":"M","479":"A","480":"C","481":"D","482":",","483":"U","484":"A","485":"A","486":"U","487":",","488":"E","489":"A","490":"A","491":"E","492":";","493":"I","494":"A","495":"C","496":"d","497":",","498":"C","499":"A","500":"A","501":"C","502":";","503":"E","504":"A","505":"C","506":"H","507":",","508":"C","509":"A","510":"A","511":"C","512":";","513":"E","514":"A","515":"C","516":"D","517":",","518":"Q","519":"A","520":"A","521":"Q","522":",","523":"E","524":"A","525":"A","526":"E","527":";","528":"I","529":"A","530":"C","531":"R","532":",","533":"i","534":"B","535":"A","536":"A","537":"i","538":"B","539":",","540":"G","541":"A","542":"A","543":"G","544":";","545":"M","546":"A","547":"C","548":"l","549":"B","550":",","551":"O","552":"A","553":"A","554":"O","555":";","556":"Q","557":"A","558":"C","559":"L","560":",","561":"M","562":"A","563":"A","564":"M","565":",","566":"E","567":"A","568":"A","569":"E","570":",","571":"C","572":"A","573":"A","574":"C","575":",","576":"I","577":"A","578":"A","579":"I","580":",","581":"C","582":"A","583":"A","584":"C","585":",","586":"U","587":"A","588":"A","589":"U","590":";","591":"Q","592":"A","593":"C","594":"x","595":"B","596":",","597":"M","598":"A","599":"A","600":"M","601":",","602":"E","603":"A","604":"A","605":"E","606":",","607":"I","608":"A","609":"A","610":"I","611":",","612":"C","613":"A","614":"A","615":"C","616":";","617":"M","618":"A","619":"C","620":"f","621":",","622":"C","623":"A","624":"A","625":"C","626":";","627":"I","628":"A","629":"C","630":"H","631":";","632":"E","633":"A","634":"C","635":"F","636":",","637":"C","638":"A","639":"A","640":"C","641":";","642":"E","643":"A","644":"C","645":"D","646":",","647":"O","648":"A","649":"A","650":"O","651":",","652":"E","653":"A","654":"A","655":"E","656":";","657":"I","658":"A","659":"C","660":"P","661":",","662":"S","663":"A","664":"A","665":"S","666":",","667":"G","668":"A","669":"A","670":"G","671":";","672":"M","673":"A","674":"C","675":"V","676":",","677":"I","678":"A","679":"A","680":"I","681":",","682":"C","683":"A","684":"A","685":"C","686":",","687":"U","688":"A","689":"A","690":"U","691":",","692":"G","693":"A","694":"A","695":"G","696":",","697":"I","698":"A","699":"A","700":"I","701":";","702":"I","703":"A","704":"C","705":"x","706":"B","707":",","708":"C","709":"A","710":"A","711":"C","712":";","713":"I","714":"A","715":"C","716":"D","717":",","718":"M","719":"A","720":"A","721":"M","722":",","723":"G","724":"A","725":"A","726":"G","727":";","728":"M","729":"A","730":"C","731":"P","732":",","733":"I","734":"A","735":"A","736":"I","737":",","738":"C","739":"A","740":"A","741":"C","742":",","743":"U","744":"A","745":"A","746":"U","747":",","748":"G","749":"A","750":"A","751":"G","752":",","753":"K","754":"A","755":"A","756":"K","757":";","758":"I","759":"A","760":"C","761":"z","762":"B","763":";","764":"E","765":"A","766":"C","767":"F","768":";","769":"A","770":"A","771":"C","772":"F","773":",","774":"C","775":"A","776":"A","777":"C","778":";","779":"A","780":"A","781":"A","782":"A","783":";","784":"A","785":"A","786":"A","787":"A","788":"\"","789":",","790":"\"","791":"f","792":"i","793":"l","794":"e","795":"\"","796":":","797":"\"","798":"E","799":":","800":"\\","801":"\\","802":"T","803":"U","804":"T","805":"O","806":"R","807":"\\","808":"\\","809":"V","810":"U","811":"E","812":"\\","813":"\\","814":"j","815":"o","816":"b","817":"-","818":"s","819":"e","820":"a","821":"r","822":"c","823":"h","824":"\\","825":"\\","826":"s","827":"r","828":"c","829":"\\","830":"\\","831":"c","832":"o","833":"m","834":"p","835":"o","836":"n","837":"e","838":"n","839":"t","840":"s","841":"\\","842":"\\","843":"N","844":"a","845":"v","846":"\\","847":"\\","848":"M","849":"a","850":"i","851":"n","852":"N","853":"a","854":"v","855":".","856":"v","857":"u","858":"e","859":"\"","860":",","861":"\"","862":"s","863":"o","864":"u","865":"r","866":"c","867":"e","868":"s","869":"C","870":"o","871":"n","872":"t","873":"e","874":"n","875":"t","876":"\"","877":":","878":"[","879":"\"","880":"<","881":"t","882":"e","883":"m","884":"p","885":"l","886":"a","887":"t","888":"e","889":">","890":"\\","891":"n","892":" ","893":" ","894":"<","895":"h","896":"e","897":"a","898":"d","899":"e","900":"r","901":" ","902":":","903":"c","904":"l","905":"a","906":"s","907":"s","908":"=","909":"\\","910":"\"","911":"[","912":"'","913":"w","914":"-","915":"f","916":"u","917":"l","918":"l","919":"'","920":",","921":" ","922":"'","923":"t","924":"e","925":"x","926":"t","927":"-","928":"s","929":"m","930":"'","931":",","932":" ","933":"h","934":"e","935":"a","936":"d","937":"e","938":"r","939":"H","940":"e","941":"i","942":"g","943":"h","944":"t","945":"C","946":"l","947":"a","948":"s","949":"s","950":"]","951":"\\","952":"\"","953":">","954":"\\","955":"n","956":" ","957":" ","958":" ","959":" ","960":"<","961":"d","962":"i","963":"v","964":" ","965":"c","966":"l","967":"a","968":"s","969":"s","970":"=","971":"\\","972":"\"","973":"f","974":"i","975":"x","976":"e","977":"d","978":" ","979":"t","980":"o","981":"p","982":"-","983":"0","984":" ","985":"l","986":"e","987":"f","988":"t","989":"-","990":"0","991":" ","992":"w","993":"-","994":"f","995":"u","996":"l","997":"l","998":" ","999":"h","1000":"-","1001":"1","1002":"6","1003":" ","1004":"b","1005":"g","1006":"-","1007":"w","1008":"h","1009":"i","1010":"t","1011":"e","1012":"\\","1013":"\"","1014":">","1015":"\\","1016":"n","1017":" ","1018":" ","1019":" ","1020":" ","1021":" ","1022":" ","1023":"<","1024":"d","1025":"i","1026":"v","1027":"\\","1028":"n","1029":" ","1030":" ","1031":" ","1032":" ","1033":" ","1034":" ","1035":" ","1036":" ","1037":"c","1038":"l","1039":"a","1040":"s","1041":"s","1042":"=","1043":"\\","1044":"\"","1045":"f","1046":"l","1047":"e","1048":"x","1049":" ","1050":"f","1051":"l","1052":"e","1053":"x","1054":"-","1055":"n","1056":"o","1057":"w","1058":"r","1059":"a","1060":"p","1061":" ","1062":"h","1063":"-","1064":"f","1065":"u","1066":"l","1067":"l","1068":" ","1069":"p","1070":"x","1071":"-","1072":"8","1073":" ","1074":"m","1075":"x","1076":"-","1077":"a","1078":"u","1079":"t","1080":"o","1081":" ","1082":"b","1083":"o","1084":"r","1085":"d","1086":"e","1087":"r","1088":"-","1089":"b","1090":" ","1091":"b","1092":"o","1093":"r","1094":"d","1095":"e","1096":"r","1097":"-","1098":"s","1099":"o","1100":"l","1101":"i","1102":"d","1103":" ","1104":"b","1105":"o","1106":"r","1107":"d","1108":"e","1109":"r","1110":"-","1111":"b","1112":"r","1113":"a","1114":"n","1115":"d","1116":"-","1117":"g","1118":"r","1119":"e","1120":"y","1121":"-","1122":"1","1123":"\\","1124":"\"","1125":"\\","1126":"n","1127":" ","1128":" ","1129":" ","1130":" ","1131":" ","1132":" ","1133":">","1134":"\\","1135":"n","1136":" ","1137":" ","1138":" ","1139":" ","1140":" ","1141":" ","1142":" ","1143":" ","1144":"<","1145":"a","1146":" ","1147":":","1148":"h","1149":"r","1150":"e","1151":"f","1152":"=","1153":"\\","1154":"\"","1155":"u","1156":"r","1157":"l","1158":"\\","1159":"\"","1160":" ","1161":"c","1162":"l","1163":"a","1164":"s","1165":"s","1166":"=","1167":"\\","1168":"\"","1169":"f","1170":"l","1171":"e","1172":"x","1173":" ","1174":"i","1175":"t","1176":"e","1177":"m","1178":"s","1179":"-","1180":"c","1181":"e","1182":"n","1183":"t","1184":"e","1185":"r","1186":" ","1187":"h","1188":"-","1189":"f","1190":"u","1191":"l","1192":"l","1193":" ","1194":"t","1195":"e","1196":"x","1197":"t","1198":"-","1199":"x","1200":"l","1201":"\\","1202":"\"","1203":">","1204":"{","1205":"{","1206":"\\","1207":"n","1208":" ","1209":" ","1210":" ","1211":" ","1212":" ","1213":" ","1214":" ","1215":" ","1216":" ","1217":" ","1218":"c","1219":"o","1220":"m","1221":"p","1222":"a","1223":"n","1224":"y","1225":"\\","1226":"n","1227":" ","1228":" ","1229":" ","1230":" ","1231":" ","1232":" ","1233":" ","1234":" ","1235":"}","1236":"}","1237":"<","1238":"/","1239":"a","1240":">","1241":"\\","1242":"n","1243":" ","1244":" ","1245":" ","1246":" ","1247":" ","1248":" ","1249":" ","1250":" ","1251":"<","1252":"n","1253":"a","1254":"v","1255":" ","1256":"c","1257":"l","1258":"a","1259":"s","1260":"s","1261":"=","1262":"\\","1263":"\"","1264":"h","1265":"-","1266":"f","1267":"u","1268":"l","1269":"l","1270":" ","1271":"m","1272":"l","1273":"-","1274":"1","1275":"2","1276":"\\","1277":"\"","1278":">","1279":"\\","1280":"n","1281":" ","1282":" ","1283":" ","1284":" ","1285":" ","1286":" ","1287":" ","1288":" ","1289":" ","1290":" ","1291":"<","1292":"u","1293":"l","1294":" ","1295":"c","1296":"l","1297":"a","1298":"s","1299":"s","1300":"=","1301":"\\","1302":"\"","1303":"f","1304":"l","1305":"e","1306":"x","1307":" ","1308":"h","1309":"-","1310":"f","1311":"u","1312":"l","1313":"l","1314":" ","1315":"p","1316":"-","1317":"0","1318":" ","1319":"m","1320":"-","1321":"0","1322":" ","1323":"l","1324":"i","1325":"s","1326":"t","1327":"-","1328":"n","1329":"o","1330":"n","1331":"e","1332":"\\","1333":"\"","1334":">","1335":"\\","1336":"n","1337":" ","1338":" ","1339":" ","1340":" ","1341":" ","1342":" ","1343":" ","1344":" ","1345":" ","1346":" ","1347":" ","1348":" ","1349":"<","1350":"l","1351":"i","1352":"\\","1353":"n","1354":" ","1355":" ","1356":" ","1357":" ","1358":" ","1359":" ","1360":" ","1361":" ","1362":" ","1363":" ","1364":" ","1365":" ","1366":" ","1367":" ","1368":"v","1369":"-","1370":"f","1371":"o","1372":"r","1373":"=","1374":"\\","1375":"\"","1376":"m","1377":"e","1378":"n","1379":"u","1380":"I","1381":"t","1382":"e","1383":"m","1384":" ","1385":"i","1386":"n","1387":" ","1388":"m","1389":"e","1390":"n","1391":"u","1392":"I","1393":"t","1394":"e","1395":"m","1396":"s","1397":"\\","1398":"\"","1399":"\\","1400":"n","1401":" ","1402":" ","1403":" ","1404":" ","1405":" ","1406":" ","1407":" ","1408":" ","1409":" ","1410":" ","1411":" ","1412":" ","1413":" ","1414":" ","1415":":","1416":"k","1417":"e","1418":"y","1419":"=","1420":"\\","1421":"\"","1422":"m","1423":"e","1424":"n","1425":"u","1426":"I","1427":"t","1428":"e","1429":"m","1430":"\\","1431":"\"","1432":"\\","1433":"n","1434":" ","1435":" ","1436":" ","1437":" ","1438":" ","1439":" ","1440":" ","1441":" ","1442":" ","1443":" ","1444":" ","1445":" ","1446":" ","1447":" ","1448":"d","1449":"a","1450":"t","1451":"a","1452":"-","1453":"t","1454":"e","1455":"s","1456":"t","1457":"=","1458":"\\","1459":"\"","1460":"m","1461":"a","1462":"i","1463":"n","1464":"-","1465":"n","1466":"a","1467":"v","1468":"-","1469":"l","1470":"i","1471":"s","1472":"t","1473":"-","1474":"i","1475":"t","1476":"e","1477":"m","1478":"\\","1479":"\"","1480":"\\","1481":"n","1482":" ","1483":" ","1484":" ","1485":" ","1486":" ","1487":" ","1488":" ","1489":" ","1490":" ","1491":" ","1492":" ","1493":" ","1494":" ","1495":" ","1496":"c","1497":"l","1498":"a","1499":"s","1500":"s","1501":"=","1502":"\\","1503":"\"","1504":"f","1505":"l","1506":"e","1507":"x","1508":" ","1509":"h","1510":"-","1511":"f","1512":"u","1513":"l","1514":"l","1515":" ","1516":"m","1517":"l","1518":"-","1519":"9","1520":" ","1521":"f","1522":"i","1523":"r","1524":"s","1525":"t","1526":":","1527":"m","1528":"l","1529":"-","1530":"0","1531":"\\","1532":"\"","1533":"\\","1534":"n","1535":" ","1536":" ","1537":" ","1538":" ","1539":" ","1540":" ","1541":" ","1542":" ","1543":" ","1544":" ","1545":" ","1546":" ","1547":">","1548":"\\","1549":"n","1550":" ","1551":" ","1552":" ","1553":" ","1554":" ","1555":" ","1556":" ","1557":" ","1558":" ","1559":" ","1560":" ","1561":" ","1562":" ","1563":" ","1564":"<","1565":"a","1566":" ","1567":"h","1568":"r","1569":"e","1570":"f","1571":"=","1572":"\\","1573":"\"","1574":"/","1575":"\\","1576":"\"","1577":" ","1578":"c","1579":"l","1580":"a","1581":"s","1582":"s","1583":"=","1584":"\\","1585":"\"","1586":"f","1587":"l","1588":"e","1589":"x","1590":" ","1591":"i","1592":"t","1593":"e","1594":"m","1595":"s","1596":"-","1597":"c","1598":"e","1599":"n","1600":"t","1601":"e","1602":"r","1603":" ","1604":"p","1605":"y","1606":"-","1607":"2","1608":".","1609":"5","1610":"\\","1611":"\"","1612":">","1613":"{","1614":"{","1615":" ","1616":"m","1617":"e","1618":"n","1619":"u","1620":"I","1621":"t","1622":"e","1623":"m","1624":" ","1625":"}","1626":"}","1627":"<","1628":"/","1629":"a","1630":">","1631":"\\","1632":"n","1633":" ","1634":" ","1635":" ","1636":" ","1637":" ","1638":" ","1639":" ","1640":" ","1641":" ","1642":" ","1643":" ","1644":" ","1645":"<","1646":"/","1647":"l","1648":"i","1649":">","1650":"\\","1651":"n","1652":" ","1653":" ","1654":" ","1655":" ","1656":" ","1657":" ","1658":" ","1659":" ","1660":" ","1661":" ","1662":"<","1663":"/","1664":"u","1665":"l","1666":">","1667":"\\","1668":"n","1669":" ","1670":" ","1671":" ","1672":" ","1673":" ","1674":" ","1675":" ","1676":" ","1677":"<","1678":"/","1679":"n","1680":"a","1681":"v","1682":">","1683":"\\","1684":"n","1685":" ","1686":" ","1687":" ","1688":" ","1689":" ","1690":" ","1691":" ","1692":" ","1693":"<","1694":"d","1695":"i","1696":"v","1697":" ","1698":"c","1699":"l","1700":"a","1701":"s","1702":"s","1703":"=","1704":"\\","1705":"\"","1706":"f","1707":"l","1708":"e","1709":"x","1710":" ","1711":"i","1712":"t","1713":"e","1714":"m","1715":"s","1716":"-","1717":"c","1718":"e","1719":"n","1720":"t","1721":"e","1722":"r","1723":" ","1724":"h","1725":"-","1726":"f","1727":"u","1728":"l","1729":"l","1730":" ","1731":"m","1732":"l","1733":"-","1734":"a","1735":"u","1736":"t","1737":"o","1738":"\\","1739":"\"","1740":">","1741":"\\","1742":"n","1743":" ","1744":" ","1745":" ","1746":" ","1747":" ","1748":" ","1749":" ","1750":" ","1751":" ","1752":" ","1753":"<","1754":"p","1755":"r","1756":"o","1757":"f","1758":"i","1759":"l","1760":"e","1761":"-","1762":"i","1763":"m","1764":"a","1765":"g","1766":"e","1767":"\\","1768":"n","1769":" ","1770":" ","1771":" ","1772":" ","1773":" ","1774":" ","1775":" ","1776":" ","1777":" ","1778":" ","1779":" ","1780":" ","1781":"v","1782":"-","1783":"i","1784":"f","1785":"=","1786":"\\","1787":"\"","1788":"i","1789":"s","1790":"L","1791":"o","1792":"g","1793":"g","1794":"e","1795":"d","1796":"I","1797":"n","1798":"\\","1799":"\"","1800":"\\","1801":"n","1802":" ","1803":" ","1804":" ","1805":" ","1806":" ","1807":" ","1808":" ","1809":" ","1810":" ","1811":" ","1812":" ","1813":" ","1814":"c","1815":"l","1816":"a","1817":"s","1818":"s","1819":"=","1820":"\\","1821":"\"","1822":"i","1823":"t","1824":"e","1825":"m","1826":"s","1827":"-","1828":"c","1829":"e","1830":"n","1831":"t","1832":"e","1833":"r","1834":"\\","1835":"\"","1836":"\\","1837":"n","1838":" ","1839":" ","1840":" ","1841":" ","1842":" ","1843":" ","1844":" ","1845":" ","1846":" ","1847":" ","1848":" ","1849":" ","1850":"d","1851":"a","1852":"t","1853":"a","1854":"-","1855":"t","1856":"e","1857":"s","1858":"t","1859":"=","1860":"\\","1861":"\"","1862":"p","1863":"r","1864":"o","1865":"f","1866":"i","1867":"l","1868":"e","1869":"-","1870":"i","1871":"m","1872":"a","1873":"g","1874":"e","1875":"\\","1876":"\"","1877":"\\","1878":"n","1879":" ","1880":" ","1881":" ","1882":" ","1883":" ","1884":" ","1885":" ","1886":" ","1887":" ","1888":" ","1889":" ","1890":" ","1891":"@","1892":"c","1893":"l","1894":"i","1895":"c","1896":"k","1897":"=","1898":"\\","1899":"\"","1900":"l","1901":"o","1902":"g","1903":"O","1904":"u","1905":"t","1906":"\\","1907":"\"","1908":"\\","1909":"n","1910":" ","1911":" ","1912":" ","1913":" ","1914":" ","1915":" ","1916":" ","1917":" ","1918":" ","1919":" ","1920":"/","1921":">","1922":"\\","1923":"n","1924":" ","1925":" ","1926":" ","1927":" ","1928":" ","1929":" ","1930":" ","1931":" ","1932":" ","1933":" ","1934":"<","1935":"a","1936":"c","1937":"t","1938":"i","1939":"o","1940":"n","1941":"-","1942":"b","1943":"u","1944":"t","1945":"t","1946":"o","1947":"n","1948":"\\","1949":"n","1950":" ","1951":" ","1952":" ","1953":" ","1954":" ","1955":" ","1956":" ","1957":" ","1958":" ","1959":" ","1960":" ","1961":" ","1962":"v","1963":"-","1964":"e","1965":"l","1966":"s","1967":"e","1968":"\\","1969":"n","1970":" ","1971":" ","1972":" ","1973":" ","1974":" ","1975":" ","1976":" ","1977":" ","1978":" ","1979":" ","1980":" ","1981":" ","1982":"t","1983":"e","1984":"x","1985":"t","1986":"=","1987":"\\","1988":"\"","1989":"S","1990":"i","1991":"g","1992":"n","1993":" ","1994":"I","1995":"n","1996":"\\","1997":"\"","1998":"\\","1999":"n","2000":" ","2001":" ","2002":" ","2003":" ","2004":" ","2005":" ","2006":" ","2007":" ","2008":" ","2009":" ","2010":" ","2011":" ","2012":"t","2013":"y","2014":"p","2015":"e","2016":"=","2017":"\\","2018":"\"","2019":"p","2020":"r","2021":"i","2022":"m","2023":"a","2024":"r","2025":"y","2026":"\\","2027":"\"","2028":"\\","2029":"n","2030":" ","2031":" ","2032":" ","2033":" ","2034":" ","2035":" ","2036":" ","2037":" ","2038":" ","2039":" ","2040":" ","2041":" ","2042":"c","2043":"l","2044":"a","2045":"s","2046":"s","2047":"=","2048":"\\","2049":"\"","2050":"i","2051":"t","2052":"e","2053":"m","2054":"s","2055":"-","2056":"c","2057":"e","2058":"n","2059":"t","2060":"e","2061":"r","2062":"\\","2063":"\"","2064":"\\","2065":"n","2066":" ","2067":" ","2068":" ","2069":" ","2070":" ","2071":" ","2072":" ","2073":" ","2074":" ","2075":" ","2076":" ","2077":" ","2078":"d","2079":"a","2080":"t","2081":"a","2082":"-","2083":"t","2084":"e","2085":"s","2086":"t","2087":"=","2088":"\\","2089":"\"","2090":"l","2091":"o","2092":"g","2093":"i","2094":"n","2095":"-","2096":"b","2097":"u","2098":"t","2099":"t","2100":"o","2101":"n","2102":"\\","2103":"\"","2104":"\\","2105":"n","2106":" ","2107":" ","2108":" ","2109":" ","2110":" ","2111":" ","2112":" ","2113":" ","2114":" ","2115":" ","2116":" ","2117":" ","2118":"@","2119":"c","2120":"l","2121":"i","2122":"c","2123":"k","2124":"=","2125":"\\","2126":"\"","2127":"l","2128":"o","2129":"g","2130":"i","2131":"n","2132":"U","2133":"s","2134":"e","2135":"r","2136":"\\","2137":"\"","2138":"\\","2139":"n","2140":" ","2141":" ","2142":" ","2143":" ","2144":" ","2145":" ","2146":" ","2147":" ","2148":" ","2149":" ","2150":"/","2151":">","2152":"\\","2153":"n","2154":" ","2155":" ","2156":" ","2157":" ","2158":" ","2159":" ","2160":" ","2161":" ","2162":"<","2163":"/","2164":"d","2165":"i","2166":"v","2167":">","2168":"\\","2169":"n","2170":" ","2171":" ","2172":" ","2173":" ","2174":" ","2175":" ","2176":"<","2177":"/","2178":"d","2179":"i","2180":"v","2181":">","2182":"\\","2183":"n","2184":" ","2185":" ","2186":" ","2187":" ","2188":" ","2189":" ","2190":"<","2191":"d","2192":"i","2193":"v","2194":">","2195":"\\","2196":"n","2197":" ","2198":" ","2199":" ","2200":" ","2201":" ","2202":" ","2203":" ","2204":" ","2205":"<","2206":"s","2207":"u","2208":"b","2209":"-","2210":"n","2211":"a","2212":"v","2213":" ","2214":"v","2215":"-","2216":"i","2217":"f","2218":"=","2219":"\\","2220":"\"","2221":"i","2222":"s","2223":"L","2224":"o","2225":"g","2226":"g","2227":"e","2228":"d","2229":"I","2230":"n","2231":"\\","2232":"\"","2233":" ","2234":"d","2235":"a","2236":"t","2237":"a","2238":"-","2239":"t","2240":"e","2241":"s","2242":"t","2243":"=","2244":"\\","2245":"\"","2246":"s","2247":"u","2248":"b","2249":"n","2250":"a","2251":"v","2252":"\\","2253":"\"","2254":">","2255":"<","2256":"/","2257":"s","2258":"u","2259":"b","2260":"-","2261":"n","2262":"a","2263":"v","2264":">","2265":"\\","2266":"n","2267":" ","2268":" ","2269":" ","2270":" ","2271":" ","2272":" ","2273":"<","2274":"/","2275":"d","2276":"i","2277":"v","2278":">","2279":"\\","2280":"n","2281":" ","2282":" ","2283":" ","2284":" ","2285":"<","2286":"/","2287":"d","2288":"i","2289":"v","2290":">","2291":"\\","2292":"n","2293":" ","2294":" ","2295":"<","2296":"/","2297":"h","2298":"e","2299":"a","2300":"d","2301":"e","2302":"r","2303":">","2304":"\\","2305":"n","2306":"<","2307":"/","2308":"t","2309":"e","2310":"m","2311":"p","2312":"l","2313":"a","2314":"t","2315":"e","2316":">","2317":"\\","2318":"n","2319":"\\","2320":"n","2321":"<","2322":"s","2323":"c","2324":"r","2325":"i","2326":"p","2327":"t","2328":">","2329":"\\","2330":"n","2331":"i","2332":"m","2333":"p","2334":"o","2335":"r","2336":"t","2337":" ","2338":"A","2339":"c","2340":"t","2341":"i","2342":"o","2343":"n","2344":"B","2345":"u","2346":"t","2347":"t","2348":"o","2349":"n","2350":" ","2351":"f","2352":"r","2353":"o","2354":"m","2355":" ","2356":"\\","2357":"\"","2358":"@","2359":"/","2360":"c","2361":"o","2362":"m","2363":"p","2364":"o","2365":"n","2366":"e","2367":"n","2368":"t","2369":"s","2370":"/","2371":"A","2372":"c","2373":"t","2374":"i","2375":"o","2376":"n","2377":"B","2378":"u","2379":"t","2380":"t","2381":"o","2382":"n","2383":".","2384":"v","2385":"u","2386":"e","2387":"\\","2388":"\"","2389":";","2390":"\\","2391":"n","2392":"i","2393":"m","2394":"p","2395":"o","2396":"r","2397":"t","2398":" ","2399":"P","2400":"r","2401":"o","2402":"f","2403":"i","2404":"l","2405":"e","2406":"I","2407":"m","2408":"a","2409":"g","2410":"e","2411":" ","2412":"f","2413":"r","2414":"o","2415":"m","2416":" ","2417":"\\","2418":"\"","2419":"@","2420":"/","2421":"c","2422":"o","2423":"m","2424":"p","2425":"o","2426":"n","2427":"e","2428":"n","2429":"t","2430":"s","2431":"/","2432":"N","2433":"a","2434":"v","2435":"/","2436":"P","2437":"r","2438":"o","2439":"f","2440":"i","2441":"l","2442":"e","2443":"I","2444":"m","2445":"a","2446":"g","2447":"e","2448":".","2449":"v","2450":"u","2451":"e","2452":"\\","2453":"\"","2454":";","2455":"\\","2456":"n","2457":"i","2458":"m","2459":"p","2460":"o","2461":"r","2462":"t","2463":" ","2464":"S","2465":"u","2466":"b","2467":"N","2468":"a","2469":"v","2470":" ","2471":"f","2472":"r","2473":"o","2474":"m","2475":" ","2476":"\\","2477":"\"","2478":"@","2479":"/","2480":"c","2481":"o","2482":"m","2483":"p","2484":"o","2485":"n","2486":"e","2487":"n","2488":"t","2489":"s","2490":"/","2491":"N","2492":"a","2493":"v","2494":"/","2495":"S","2496":"u","2497":"b","2498":"N","2499":"a","2500":"v","2501":".","2502":"v","2503":"u","2504":"e","2505":"\\","2506":"\"","2507":";","2508":"\\","2509":"n","2510":"e","2511":"x","2512":"p","2513":"o","2514":"r","2515":"t","2516":" ","2517":"d","2518":"e","2519":"f","2520":"a","2521":"u","2522":"l","2523":"t","2524":" ","2525":"{","2526":"\\","2527":"n","2528":" ","2529":" ","2530":"n","2531":"a","2532":"m","2533":"e","2534":":","2535":" ","2536":"\\","2537":"\"","2538":"M","2539":"a","2540":"i","2541":"n","2542":"N","2543":"a","2544":"v","2545":"\\","2546":"\"","2547":",","2548":"\\","2549":"n","2550":" ","2551":" ","2552":"c","2553":"o","2554":"m","2555":"p","2556":"o","2557":"n","2558":"e","2559":"n","2560":"t","2561":"s","2562":":","2563":" ","2564":"{","2565":" ","2566":"A","2567":"c","2568":"t","2569":"i","2570":"o","2571":"n","2572":"B","2573":"u","2574":"t","2575":"t","2576":"o","2577":"n","2578":",","2579":" ","2580":"P","2581":"r","2582":"o","2583":"f","2584":"i","2585":"l","2586":"e","2587":"I","2588":"m","2589":"a","2590":"g","2591":"e","2592":",","2593":" ","2594":"S","2595":"u","2596":"b","2597":"N","2598":"a","2599":"v","2600":" ","2601":"}","2602":",","2603":"\\","2604":"n","2605":" ","2606":" ","2607":"d","2608":"a","2609":"t","2610":"a","2611":"(","2612":")","2613":" ","2614":"{","2615":"\\","2616":"n","2617":" ","2618":" ","2619":" ","2620":" ","2621":"r","2622":"e","2623":"t","2624":"u","2625":"r","2626":"n","2627":" ","2628":"{","2629":"\\","2630":"n","2631":" ","2632":" ","2633":" ","2634":" ","2635":" ","2636":" ","2637":"c","2638":"o","2639":"m","2640":"p","2641":"a","2642":"n","2643":"y","2644":":","2645":" ","2646":"\\","2647":"\"","2648":"A","2649":"f","2650":"w","2651":"i","2652":"t","2653":" ","2654":"C","2655":"a","2656":"r","2657":"e","2658":"e","2659":"r","2660":"s","2661":"\\","2662":"\"","2663":",","2664":"\\","2665":"n","2666":" ","2667":" ","2668":" ","2669":" ","2670":" ","2671":" ","2672":"u","2673":"r","2674":"l","2675":":","2676":" ","2677":"\\","2678":"\"","2679":"h","2680":"t","2681":"t","2682":"p","2683":"s","2684":":","2685":"/","2686":"/","2687":"c","2688":"a","2689":"r","2690":"e","2691":"e","2692":"r","2693":"s","2694":".","2695":"g","2696":"o","2697":"o","2698":"g","2699":"l","2700":"e","2701":".","2702":"c","2703":"o","2704":"m","2705":"\\","2706":"\"","2707":",","2708":"\\","2709":"n","2710":" ","2711":" ","2712":" ","2713":" ","2714":" ","2715":" ","2716":"m","2717":"e","2718":"n","2719":"u","2720":"I","2721":"t","2722":"e","2723":"m","2724":"s","2725":":","2726":" ","2727":"[","2728":"\\","2729":"n","2730":" ","2731":" ","2732":" ","2733":" ","2734":" ","2735":" ","2736":" ","2737":" ","2738":"\\","2739":"\"","2740":"T","2741":"e","2742":"a","2743":"m","2744":"s","2745":"\\","2746":"\"","2747":",","2748":"\\","2749":"n","2750":" ","2751":" ","2752":" ","2753":" ","2754":" ","2755":" ","2756":" ","2757":" ","2758":"\\","2759":"\"","2760":"L","2761":"o","2762":"c","2763":"a","2764":"t","2765":"i","2766":"o","2767":"n","2768":"s","2769":"\\","2770":"\"","2771":",","2772":"\\","2773":"n","2774":" ","2775":" ","2776":" ","2777":" ","2778":" ","2779":" ","2780":" ","2781":" ","2782":"\\","2783":"\"","2784":"L","2785":"i","2786":"f","2787":"e","2788":" ","2789":"A","2790":"t","2791":" ","2792":"A","2793":"f","2794":"w","2795":"i","2796":"t","2797":"\\","2798":"\"","2799":",","2800":"\\","2801":"n","2802":" ","2803":" ","2804":" ","2805":" ","2806":" ","2807":" ","2808":" ","2809":" ","2810":"\\","2811":"\"","2812":"H","2813":"o","2814":"w","2815":" ","2816":"w","2817":"e","2818":" ","2819":"H","2820":"i","2821":"r","2822":"e","2823":"\\","2824":"\"","2825":",","2826":"\\","2827":"n","2828":" ","2829":" ","2830":" ","2831":" ","2832":" ","2833":" ","2834":" ","2835":" ","2836":"\\","2837":"\"","2838":"S","2839":"t","2840":"u","2841":"d","2842":"e","2843":"n","2844":"t","2845":"s","2846":"\\","2847":"\"","2848":",","2849":"\\","2850":"n","2851":" ","2852":" ","2853":" ","2854":" ","2855":" ","2856":" ","2857":" ","2858":" ","2859":"\\","2860":"\"","2861":"J","2862":"o","2863":"b","2864":"s","2865":"\\","2866":"\"","2867":",","2868":"\\","2869":"n","2870":" ","2871":" ","2872":" ","2873":" ","2874":" ","2875":" ","2876":"]","2877":",","2878":"\\","2879":"n","2880":" ","2881":" ","2882":" ","2883":" ","2884":" ","2885":" ","2886":"i","2887":"s","2888":"L","2889":"o","2890":"g","2891":"g","2892":"e","2893":"d","2894":"I","2895":"n","2896":":","2897":" ","2898":"f","2899":"a","2900":"l","2901":"s","2902":"e","2903":",","2904":"\\","2905":"n","2906":" ","2907":" ","2908":" ","2909":" ","2910":"}","2911":";","2912":"\\","2913":"n","2914":" ","2915":" ","2916":"}","2917":",","2918":"\\","2919":"n","2920":" ","2921":" ","2922":"c","2923":"o","2924":"m","2925":"p","2926":"u","2927":"t","2928":"e","2929":"d","2930":":","2931":" ","2932":"{","2933":"\\","2934":"n","2935":" ","2936":" ","2937":" ","2938":" ","2939":"h","2940":"e","2941":"a","2942":"d","2943":"e","2944":"r","2945":"H","2946":"e","2947":"i","2948":"g","2949":"h","2950":"t","2951":"C","2952":"l","2953":"a","2954":"s","2955":"s","2956":"(","2957":")","2958":" ","2959":"{","2960":"\\","2961":"n","2962":" ","2963":" ","2964":" ","2965":" ","2966":" ","2967":" ","2968":"r","2969":"e","2970":"t","2971":"u","2972":"r","2973":"n","2974":" ","2975":"{","2976":"\\","2977":"n","2978":" ","2979":" ","2980":" ","2981":" ","2982":" ","2983":" ","2984":" ","2985":" ","2986":"\\","2987":"\"","2988":"h","2989":"-","2990":"1","2991":"6","2992":"\\","2993":"\"","2994":":","2995":" ","2996":"!","2997":"t","2998":"h","2999":"i","3000":"s","3001":".","3002":"i","3003":"s","3004":"L","3005":"o","3006":"g","3007":"g","3008":"e","3009":"d","3010":"I","3011":"n","3012":",","3013":"\\","3014":"n","3015":" ","3016":" ","3017":" ","3018":" ","3019":" ","3020":" ","3021":" ","3022":" ","3023":"\\","3024":"\"","3025":"h","3026":"-","3027":"3","3028":"2","3029":"\\","3030":"\"","3031":":","3032":" ","3033":"t","3034":"h","3035":"i","3036":"s","3037":".","3038":"i","3039":"s","3040":"L","3041":"o","3042":"g","3043":"g","3044":"e","3045":"d","3046":"I","3047":"n","3048":",","3049":"\\","3050":"n","3051":" ","3052":" ","3053":" ","3054":" ","3055":" ","3056":" ","3057":"}","3058":";","3059":"\\","3060":"n","3061":" ","3062":" ","3063":" ","3064":" ","3065":"}","3066":",","3067":"\\","3068":"n","3069":" ","3070":" ","3071":"}","3072":",","3073":"\\","3074":"n","3075":" ","3076":" ","3077":"m","3078":"e","3079":"t","3080":"h","3081":"o","3082":"d","3083":"s","3084":":","3085":" ","3086":"{","3087":"\\","3088":"n","3089":" ","3090":" ","3091":" ","3092":" ","3093":"l","3094":"o","3095":"g","3096":"i","3097":"n","3098":"U","3099":"s","3100":"e","3101":"r","3102":"(","3103":")","3104":" ","3105":"{","3106":"\\","3107":"n","3108":" ","3109":" ","3110":" ","3111":" ","3112":" ","3113":" ","3114":"t","3115":"h","3116":"i","3117":"s","3118":".","3119":"i","3120":"s","3121":"L","3122":"o","3123":"g","3124":"g","3125":"e","3126":"d","3127":"I","3128":"n","3129":" ","3130":"=","3131":" ","3132":"t","3133":"r","3134":"u","3135":"e","3136":";","3137":"\\","3138":"n","3139":" ","3140":" ","3141":" ","3142":" ","3143":"}","3144":",","3145":"\\","3146":"n","3147":" ","3148":" ","3149":" ","3150":" ","3151":"l","3152":"o","3153":"g","3154":"O","3155":"u","3156":"t","3157":"(","3158":")","3159":" ","3160":"{","3161":"\\","3162":"n","3163":" ","3164":" ","3165":" ","3166":" ","3167":" ","3168":" ","3169":"t","3170":"h","3171":"i","3172":"s","3173":".","3174":"i","3175":"s","3176":"L","3177":"o","3178":"g","3179":"g","3180":"e","3181":"d","3182":"I","3183":"n","3184":" ","3185":"=","3186":" ","3187":"f","3188":"a","3189":"l","3190":"s","3191":"e","3192":";","3193":"\\","3194":"n","3195":" ","3196":" ","3197":" ","3198":" ","3199":"}","3200":",","3201":"\\","3202":"n","3203":" ","3204":" ","3205":"}","3206":",","3207":"\\","3208":"n","3209":"}","3210":";","3211":"\\","3212":"n","3213":"<","3214":"/","3215":"s","3216":"c","3217":"r","3218":"i","3219":"p","3220":"t","3221":">","3222":"\\","3223":"n","3224":"\"","3225":"]","3226":"}"},"_coverageSchema":"1a1c01bbd47fc00a2c39e90264f33305004495a9","hash":"482b21bba05827ac11319887bec2dd9d9578d6cd"}
,"E:\\TUTOR\\VUE\\job-search\\src\\components\\Nav\\ProfileImage.vue": {"path":"E:\\TUTOR\\VUE\\job-search\\src\\components\\Nav\\ProfileImage.vue","statementMap":{"0":{"start":{"line":4,"column":0},"end":{"line":6,"column":3}},"1":{"start":{"line":7,"column":0},"end":{"line":7,"column":25}},"2":{"start":{"line":8,"column":15},"end":{"line":15,"column":1}},"3":{"start":{"line":11,"column":4},"end":{"line":13,"column":6}},"4":{"start":{"line":18,"column":0},"end":{"line":18,"column":13}},"5":{"start":{"line":20,"column":0},"end":{"line":22,"column":3}},"6":{"start":{"line":23,"column":0},"end":{"line":23,"column":24}},"7":{"start":{"line":24,"column":11},"end":{"line":24,"column":25}},"8":{"start":{"line":25,"column":19},"end":{"line":25,"column":26}},"9":{"start":{"line":27,"column":2},"end":{"line":30,"column":38}},"10":{"start":{"line":31,"column":2},"end":{"line":31,"column":49}}},"fnMap":{"0":{"name":"(anonymous_0)","decl":{"start":{"line":10,"column":2},"end":{"line":10,"column":3}},"loc":{"start":{"line":10,"column":9},"end":{"line":14,"column":3}},"line":10},"1":{"name":"render","decl":{"start":{"line":26,"column":9},"end":{"line":26,"column":15}},"loc":{"start":{"line":26,"column":30},"end":{"line":31,"column":1}},"line":26}},"branchMap":{},"s":{"0":2,"1":2,"2":2,"3":1,"4":2,"5":2,"6":2,"7":2,"8":2,"9":1,"10":2},"f":{"0":1,"1":1},"b":{},"inputSourceMap":{"0":"{","1":"\"","2":"v","3":"e","4":"r","5":"s","6":"i","7":"o","8":"n","9":"\"","10":":","11":"3","12":",","13":"\"","14":"s","15":"o","16":"u","17":"r","18":"c","19":"e","20":"s","21":"\"","22":":","23":"[","24":"\"","25":"E","26":":","27":"\\","28":"\\","29":"T","30":"U","31":"T","32":"O","33":"R","34":"\\","35":"\\","36":"V","37":"U","38":"E","39":"\\","40":"\\","41":"j","42":"o","43":"b","44":"-","45":"s","46":"e","47":"a","48":"r","49":"c","50":"h","51":"\\","52":"\\","53":"s","54":"r","55":"c","56":"\\","57":"\\","58":"c","59":"o","60":"m","61":"p","62":"o","63":"n","64":"e","65":"n","66":"t","67":"s","68":"\\","69":"\\","70":"N","71":"a","72":"v","73":"\\","74":"\\","75":"P","76":"r","77":"o","78":"f","79":"i","80":"l","81":"e","82":"I","83":"m","84":"a","85":"g","86":"e","87":".","88":"v","89":"u","90":"e","91":"\"","92":"]","93":",","94":"\"","95":"n","96":"a","97":"m","98":"e","99":"s","100":"\"","101":":","102":"[","103":"]","104":",","105":"\"","106":"m","107":"a","108":"p","109":"p","110":"i","111":"n","112":"g","113":"s","114":"\"","115":":","116":"\"","117":";","118":";","119":";","120":";","121":";","122":";","123":";","124":"e","125":"A","126":"I","127":"e","128":";","129":"E","130":"A","131":"C","132":"b","133":",","134":"I","135":"A","136":"A","137":"I","138":",","139":"E","140":"A","141":"A","142":"E","143":",","144":"c","145":"A","146":"A","147":"c","148":";","149":"E","150":"A","151":"C","152":"p","153":"B","154":",","155":"I","156":"A","157":"A","158":"I","159":",","160":"G","161":"A","162":"A","163":"G","164":";","165":"I","166":"A","167":"C","168":"L","169":",","170":"O","171":"A","172":"A","173":"O","174":";","175":"M","176":"A","177":"C","178":"L","179":",","180":"S","181":"A","182":"A","183":"S","184":",","185":"E","186":"A","187":"C","188":"P","189":";","190":"I","191":"A","192":"C","193":"J","194":",","195":"C","196":"A","197":"A","198":"C","199":";","200":"E","201":"A","202":"C","203":"H","204":";","205":"A","206":"A","207":"C","208":"F","209":",","210":"C","211":"A","212":"A","213":"C","214":";","215":"A","216":"A","217":"A","218":"A","219":";","220":"A","221":"A","222":"A","223":"A","224":"\"","225":",","226":"\"","227":"f","228":"i","229":"l","230":"e","231":"\"","232":":","233":"\"","234":"E","235":":","236":"\\","237":"\\","238":"T","239":"U","240":"T","241":"O","242":"R","243":"\\","244":"\\","245":"V","246":"U","247":"E","248":"\\","249":"\\","250":"j","251":"o","252":"b","253":"-","254":"s","255":"e","256":"a","257":"r","258":"c","259":"h","260":"\\","261":"\\","262":"s","263":"r","264":"c","265":"\\","266":"\\","267":"c","268":"o","269":"m","270":"p","271":"o","272":"n","273":"e","274":"n","275":"t","276":"s","277":"\\","278":"\\","279":"N","280":"a","281":"v","282":"\\","283":"\\","284":"P","285":"r","286":"o","287":"f","288":"i","289":"l","290":"e","291":"I","292":"m","293":"a","294":"g","295":"e","296":".","297":"v","298":"u","299":"e","300":"\"","301":",","302":"\"","303":"s","304":"o","305":"u","306":"r","307":"c","308":"e","309":"s","310":"C","311":"o","312":"n","313":"t","314":"e","315":"n","316":"t","317":"\"","318":":","319":"[","320":"\"","321":"<","322":"t","323":"e","324":"m","325":"p","326":"l","327":"a","328":"t","329":"e","330":">","331":"\\","332":"n","333":" ","334":" ","335":"<","336":"i","337":"m","338":"g","339":" ","340":":","341":"s","342":"r","343":"c","344":"=","345":"\\","346":"\"","347":"i","348":"m","349":"a","350":"g","351":"e","352":"L","353":"i","354":"n","355":"k","356":"\\","357":"\"","358":" ","359":"c","360":"l","361":"a","362":"s","363":"s","364":"=","365":"\\","366":"\"","367":"h","368":"-","369":"8","370":" ","371":"w","372":"-","373":"8","374":" ","375":"o","376":"b","377":"j","378":"e","379":"c","380":"t","381":"-","382":"c","383":"o","384":"n","385":"t","386":"a","387":"i","388":"n","389":" ","390":"r","391":"o","392":"u","393":"n","394":"d","395":"e","396":"d","397":"-","398":"3","399":"x","400":"l","401":"\\","402":"\"","403":" ","404":"/","405":">","406":"\\","407":"n","408":"<","409":"/","410":"t","411":"e","412":"m","413":"p","414":"l","415":"a","416":"t","417":"e","418":">","419":"\\","420":"n","421":"<","422":"s","423":"c","424":"r","425":"i","426":"p","427":"t","428":">","429":"\\","430":"n","431":"e","432":"x","433":"p","434":"o","435":"r","436":"t","437":" ","438":"d","439":"e","440":"f","441":"a","442":"u","443":"l","444":"t","445":" ","446":"{","447":"\\","448":"n","449":" ","450":" ","451":"n","452":"a","453":"m","454":"e","455":":","456":" ","457":"\\","458":"\"","459":"P","460":"r","461":"o","462":"f","463":"i","464":"l","465":"e","466":"I","467":"m","468":"a","469":"g","470":"e","471":"\\","472":"\"","473":",","474":"\\","475":"n","476":" ","477":" ","478":"d","479":"a","480":"t","481":"a","482":"(","483":")","484":" ","485":"{","486":"\\","487":"n","488":" ","489":" ","490":" ","491":" ","492":"r","493":"e","494":"t","495":"u","496":"r","497":"n","498":" ","499":"{","500":"\\","501":"n","502":" ","503":" ","504":" ","505":" ","506":" ","507":" ","508":"i","509":"m","510":"a","511":"g","512":"e","513":"L","514":"i","515":"n","516":"k","517":":","518":"\\","519":"n","520":" ","521":" ","522":" ","523":" ","524":" ","525":" ","526":" ","527":" ","528":"\\","529":"\"","530":"h","531":"t","532":"t","533":"p","534":"s","535":":","536":"/","537":"/","538":"w","539":"w","540":"w","541":".","542":"p","543":"n","544":"g","545":"i","546":"t","547":"e","548":"m","549":".","550":"c","551":"o","552":"m","553":"/","554":"p","555":"i","556":"m","557":"g","558":"s","559":"/","560":"m","561":"/","562":"4","563":"8","564":"7","565":"-","566":"4","567":"8","568":"7","569":"6","570":"4","571":"1","572":"7","573":"_","574":"l","575":"i","576":"n","577":"k","578":"-","579":"h","580":"e","581":"a","582":"d","583":"-","584":"p","585":"n","586":"g","587":"-","588":"t","589":"o","590":"o","591":"n","592":"-","593":"l","594":"i","595":"n","596":"k","597":"-","598":"f","599":"a","600":"c","601":"e","602":"-","603":"p","604":"n","605":"g","606":"-","607":"t","608":"r","609":"a","610":"n","611":"s","612":"p","613":"a","614":"r","615":"e","616":"n","617":"t","618":".","619":"p","620":"n","621":"g","622":"\\","623":"\"","624":",","625":"\\","626":"n","627":" ","628":" ","629":" ","630":" ","631":"}","632":";","633":"\\","634":"n","635":" ","636":" ","637":"}","638":",","639":"\\","640":"n","641":"}","642":";","643":"\\","644":"n","645":"<","646":"/","647":"s","648":"c","649":"r","650":"i","651":"p","652":"t","653":">","654":"\\","655":"n","656":"\"","657":"]","658":"}"},"_coverageSchema":"1a1c01bbd47fc00a2c39e90264f33305004495a9","hash":"722cbbec8016977d4ccdb15fa19327a2814fbc8c"}
,"E:\\TUTOR\\VUE\\job-search\\src\\components\\Nav\\SubNav.vue": {"path":"E:\\TUTOR\\VUE\\job-search\\src\\components\\Nav\\SubNav.vue","statementMap":{"0":{"start":{"line":4,"column":0},"end":{"line":6,"column":3}},"1":{"start":{"line":7,"column":0},"end":{"line":7,"column":25}},"2":{"start":{"line":8,"column":15},"end":{"line":15,"column":1}},"3":{"start":{"line":11,"column":4},"end":{"line":13,"column":6}},"4":{"start":{"line":18,"column":0},"end":{"line":18,"column":13}},"5":{"start":{"line":20,"column":0},"end":{"line":22,"column":3}},"6":{"start":{"line":23,"column":0},"end":{"line":23,"column":24}},"7":{"start":{"line":24,"column":11},"end":{"line":24,"column":25}},"8":{"start":{"line":25,"column":19},"end":{"line":27,"column":1}},"9":{"start":{"line":28,"column":19},"end":{"line":30,"column":1}},"10":{"start":{"line":31,"column":19},"end":{"line":34,"column":1}},"11":{"start":{"line":35,"column":32},"end":{"line":37,"column":89}},"12":{"start":{"line":40,"column":39},"end":{"line":40,"column":86}},"13":{"start":{"line":41,"column":2},"end":{"line":44,"column":71}},"14":{"start":{"line":45,"column":2},"end":{"line":45,"column":49}}},"fnMap":{"0":{"name":"(anonymous_0)","decl":{"start":{"line":10,"column":2},"end":{"line":10,"column":3}},"loc":{"start":{"line":10,"column":9},"end":{"line":14,"column":3}},"line":10},"1":{"name":"render","decl":{"start":{"line":39,"column":9},"end":{"line":39,"column":15}},"loc":{"start":{"line":39,"column":30},"end":{"line":45,"column":1}},"line":39}},"branchMap":{"0":{"loc":{"start":{"line":41,"column":173},"end":{"line":44,"column":64}},"type":"cond-expr","locations":[{"start":{"line":41,"column":198},"end":{"line":44,"column":18}},{"start":{"line":44,"column":22},"end":{"line":44,"column":64}}],"line":41}},"s":{"0":2,"1":2,"2":2,"3":2,"4":2,"5":2,"6":2,"7":2,"8":2,"9":2,"10":2,"11":2,"12":2,"13":2,"14":2},"f":{"0":2,"1":2},"b":{"0":[1,1]},"inputSourceMap":{"0":"{","1":"\"","2":"v","3":"e","4":"r","5":"s","6":"i","7":"o","8":"n","9":"\"","10":":","11":"3","12":",","13":"\"","14":"s","15":"o","16":"u","17":"r","18":"c","19":"e","20":"s","21":"\"","22":":","23":"[","24":"\"","25":"E","26":":","27":"\\","28":"\\","29":"T","30":"U","31":"T","32":"O","33":"R","34":"\\","35":"\\","36":"V","37":"U","38":"E","39":"\\","40":"\\","41":"j","42":"o","43":"b","44":"-","45":"s","46":"e","47":"a","48":"r","49":"c","50":"h","51":"\\","52":"\\","53":"s","54":"r","55":"c","56":"\\","57":"\\","58":"c","59":"o","60":"m","61":"p","62":"o","63":"n","64":"e","65":"n","66":"t","67":"s","68":"\\","69":"\\","70":"N","71":"a","72":"v","73":"\\","74":"\\","75":"S","76":"u","77":"b","78":"N","79":"a","80":"v","81":".","82":"v","83":"u","84":"e","85":"\"","86":"]","87":",","88":"\"","89":"n","90":"a","91":"m","92":"e","93":"s","94":"\"","95":":","96":"[","97":"]","98":",","99":"\"","100":"m","101":"a","102":"p","103":"p","104":"i","105":"n","106":"g","107":"s","108":"\"","109":":","110":"\"","111":";","112":";","113":";","114":";","115":";","116":";","117":";","118":"e","119":"A","120":"i","121":"B","122":"e","123":";","124":"E","125":"A","126":"C","127":"b","128":",","129":"I","130":"A","131":"A","132":"I","133":",","134":"E","135":"A","136":"A","137":"E","138":",","139":"Q","140":"A","141":"A","142":"Q","143":";","144":"E","145":"A","146":"C","147":"d","148":",","149":"I","150":"A","151":"A","152":"I","153":",","154":"G","155":"A","156":"A","157":"G","158":";","159":"I","160":"A","161":"C","162":"L","163":",","164":"O","165":"A","166":"A","167":"O","168":";","169":"M","170":"A","171":"C","172":"L","173":",","174":"g","175":"B","176":"A","177":"A","178":"g","179":"B","180":",","181":"E","182":"A","183":"A","184":"E","185":";","186":"I","187":"A","188":"C","189":"p","190":"B","191":",","192":"C","193":"A","194":"A","195":"C","196":";","197":"E","198":"A","199":"C","200":"H","201":";","202":"A","203":"A","204":"C","205":"F","206":",","207":"C","208":"A","209":"A","210":"C","211":";","212":"A","213":"A","214":"A","215":"A","216":";","217":"A","218":"A","219":"A","220":"A","221":"\"","222":",","223":"\"","224":"f","225":"i","226":"l","227":"e","228":"\"","229":":","230":"\"","231":"E","232":":","233":"\\","234":"\\","235":"T","236":"U","237":"T","238":"O","239":"R","240":"\\","241":"\\","242":"V","243":"U","244":"E","245":"\\","246":"\\","247":"j","248":"o","249":"b","250":"-","251":"s","252":"e","253":"a","254":"r","255":"c","256":"h","257":"\\","258":"\\","259":"s","260":"r","261":"c","262":"\\","263":"\\","264":"c","265":"o","266":"m","267":"p","268":"o","269":"n","270":"e","271":"n","272":"t","273":"s","274":"\\","275":"\\","276":"N","277":"a","278":"v","279":"\\","280":"\\","281":"S","282":"u","283":"b","284":"N","285":"a","286":"v","287":".","288":"v","289":"u","290":"e","291":"\"","292":",","293":"\"","294":"s","295":"o","296":"u","297":"r","298":"c","299":"e","300":"s","301":"C","302":"o","303":"n","304":"t","305":"e","306":"n","307":"t","308":"\"","309":":","310":"[","311":"\"","312":"<","313":"t","314":"e","315":"m","316":"p","317":"l","318":"a","319":"t","320":"e","321":">","322":"\\","323":"n","324":" ","325":" ","326":"<","327":"d","328":"i","329":"v","330":" ","331":"c","332":"l","333":"a","334":"s","335":"s","336":"=","337":"\\","338":"\"","339":"w","340":"-","341":"f","342":"u","343":"l","344":"l","345":" ","346":"h","347":"-","348":"1","349":"6","350":" ","351":"b","352":"g","353":"-","354":"w","355":"h","356":"i","357":"t","358":"e","359":" ","360":"b","361":"o","362":"r","363":"d","364":"e","365":"r","366":"-","367":"b","368":" ","369":"b","370":"o","371":"r","372":"d","373":"e","374":"r","375":"-","376":"s","377":"o","378":"l","379":"i","380":"d","381":" ","382":"b","383":"o","384":"r","385":"d","386":"e","387":"r","388":"-","389":"b","390":"r","391":"a","392":"n","393":"d","394":"-","395":"g","396":"r","397":"e","398":"y","399":"-","400":"1","401":"\\","402":"\"","403":">","404":"\\","405":"n","406":" ","407":" ","408":" ","409":" ","410":"<","411":"d","412":"i","413":"v","414":" ","415":"c","416":"l","417":"a","418":"s","419":"s","420":"=","421":"\\","422":"\"","423":"f","424":"l","425":"e","426":"x","427":" ","428":"i","429":"t","430":"e","431":"m","432":"s","433":"-","434":"c","435":"e","436":"n","437":"t","438":"e","439":"r","440":" ","441":"h","442":"-","443":"f","444":"u","445":"l","446":"l","447":" ","448":"p","449":"x","450":"-","451":"8","452":"\\","453":"\"","454":">","455":"\\","456":"n","457":" ","458":" ","459":" ","460":" ","461":" ","462":" ","463":"<","464":"d","465":"i","466":"v","467":">","468":"\\","469":"n","470":" ","471":" ","472":" ","473":" ","474":" ","475":" ","476":" ","477":" ","478":"<","479":"d","480":"i","481":"v","482":" ","483":"v","484":"-","485":"i","486":"f","487":"=","488":"\\","489":"\"","490":"o","491":"n","492":"J","493":"o","494":"b","495":"R","496":"e","497":"s","498":"u","499":"l","500":"t","501":"s","502":"P","503":"a","504":"g","505":"e","506":"\\","507":"\"","508":" ","509":"d","510":"a","511":"t","512":"a","513":"-","514":"t","515":"e","516":"s","517":"t","518":"=","519":"\\","520":"\"","521":"j","522":"o","523":"b","524":"-","525":"c","526":"o","527":"u","528":"n","529":"t","530":"\\","531":"\"","532":">","533":"\\","534":"n","535":" ","536":" ","537":" ","538":" ","539":" ","540":" ","541":" ","542":" ","543":" ","544":" ","545":"<","546":"f","547":"o","548":"n","549":"t","550":"-","551":"a","552":"w","553":"e","554":"s","555":"o","556":"m","557":"e","558":"-","559":"i","560":"c","561":"o","562":"n","563":" ","564":":","565":"i","566":"c","567":"o","568":"n","569":"=","570":"\\","571":"\"","572":"[","573":"'","574":"f","575":"a","576":"s","577":"'","578":",","579":" ","580":"'","581":"s","582":"e","583":"a","584":"r","585":"c","586":"h","587":"'","588":"]","589":"\\","590":"\"","591":" ","592":"c","593":"l","594":"a","595":"s","596":"s","597":"=","598":"\\","599":"\"","600":"m","601":"r","602":"-","603":"3","604":"\\","605":"\"","606":" ","607":"/","608":">","609":"\\","610":"n","611":" ","612":" ","613":" ","614":" ","615":" ","616":" ","617":" ","618":" ","619":" ","620":" ","621":"<","622":"s","623":"p","624":"a","625":"n","626":">","627":"\\","628":"n","629":" ","630":" ","631":" ","632":" ","633":" ","634":" ","635":" ","636":" ","637":" ","638":" ","639":" ","640":" ","641":"<","642":"s","643":"p","644":"a","645":"n","646":" ","647":"c","648":"l","649":"a","650":"s","651":"s","652":"=","653":"\\","654":"\"","655":"t","656":"e","657":"x","658":"t","659":"-","660":"b","661":"r","662":"a","663":"n","664":"d","665":"-","666":"g","667":"r","668":"e","669":"e","670":"n","671":"-","672":"1","673":"\\","674":"\"","675":">","676":"1","677":"6","678":"6","679":"5","680":"3","681":"<","682":"/","683":"s","684":"p","685":"a","686":"n","687":">","688":"\\","689":"n","690":" ","691":" ","692":" ","693":" ","694":" ","695":" ","696":" ","697":" ","698":" ","699":" ","700":" ","701":" ","702":"j","703":"o","704":"b","705":"s","706":" ","707":"m","708":"a","709":"t","710":"c","711":"h","712":"e","713":"d","714":"\\","715":"n","716":" ","717":" ","718":" ","719":" ","720":" ","721":" ","722":" ","723":" ","724":" ","725":" ","726":"<","727":"/","728":"s","729":"p","730":"a","731":"n","732":">","733":"\\","734":"n","735":" ","736":" ","737":" ","738":" ","739":" ","740":" ","741":" ","742":" ","743":"<","744":"/","745":"d","746":"i","747":"v","748":">","749":"\\","750":"n","751":" ","752":" ","753":" ","754":" ","755":" ","756":" ","757":"<","758":"/","759":"d","760":"i","761":"v","762":">","763":"\\","764":"n","765":" ","766":" ","767":" ","768":" ","769":"<","770":"/","771":"d","772":"i","773":"v","774":">","775":"\\","776":"n","777":" ","778":" ","779":"<","780":"/","781":"d","782":"i","783":"v","784":">","785":"\\","786":"n","787":"<","788":"/","789":"t","790":"e","791":"m","792":"p","793":"l","794":"a","795":"t","796":"e","797":">","798":"\\","799":"n","800":"\\","801":"n","802":"<","803":"s","804":"c","805":"r","806":"i","807":"p","808":"t","809":">","810":"\\","811":"n","812":"e","813":"x","814":"p","815":"o","816":"r","817":"t","818":" ","819":"d","820":"e","821":"f","822":"a","823":"u","824":"l","825":"t","826":" ","827":"{","828":"\\","829":"n","830":" ","831":" ","832":"n","833":"a","834":"m","835":"e","836":":","837":" ","838":"\\","839":"\"","840":"S","841":"u","842":"b","843":"N","844":"a","845":"v","846":"\\","847":"\"","848":",","849":"\\","850":"n","851":" ","852":" ","853":"d","854":"a","855":"t","856":"a","857":"(","858":")","859":" ","860":"{","861":"\\","862":"n","863":" ","864":" ","865":" ","866":" ","867":"r","868":"e","869":"t","870":"u","871":"r","872":"n","873":" ","874":"{","875":"\\","876":"n","877":" ","878":" ","879":" ","880":" ","881":" ","882":" ","883":"o","884":"n","885":"J","886":"o","887":"b","888":"R","889":"e","890":"s","891":"u","892":"l","893":"t","894":"s","895":"P","896":"a","897":"g","898":"e","899":":","900":" ","901":"t","902":"r","903":"u","904":"e","905":",","906":"\\","907":"n","908":" ","909":" ","910":" ","911":" ","912":"}","913":";","914":"\\","915":"n","916":" ","917":" ","918":"}","919":",","920":"\\","921":"n","922":"}","923":";","924":"\\","925":"n","926":"<","927":"/","928":"s","929":"c","930":"r","931":"i","932":"p","933":"t","934":">","935":"\\","936":"n","937":"\"","938":"]","939":"}"},"_coverageSchema":"1a1c01bbd47fc00a2c39e90264f33305004495a9","hash":"8620cc252315ff7097f17f1f56496b2bcb16129b"}
,"E:\\TUTOR\\VUE\\job-search\\src\\utils\\nextElementInList.js": {"path":"E:\\TUTOR\\VUE\\job-search\\src\\utils\\nextElementInList.js","statementMap":{"0":{"start":{"line":1,"column":26},"end":{"line":6,"column":1}},"1":{"start":{"line":2,"column":28},"end":{"line":2,"column":47}},"2":{"start":{"line":3,"column":25},"end":{"line":3,"column":62}},"3":{"start":{"line":4,"column":20},"end":{"line":4,"column":40}},"4":{"start":{"line":5,"column":2},"end":{"line":5,"column":19}}},"fnMap":{"0":{"name":"(anonymous_0)","decl":{"start":{"line":1,"column":26},"end":{"line":1,"column":27}},"loc":{"start":{"line":1,"column":43},"end":{"line":6,"column":1}},"line":1}},"branchMap":{},"s":{"0":2,"1":3,"2":3,"3":3,"4":3},"f":{"0":3},"b":{},"_coverageSchema":"1a1c01bbd47fc00a2c39e90264f33305004495a9","hash":"2c9b1a39289da2a848a71c6d947067bb91477009"}
}
