TN:
SF:src\components\JobSearch\HeadLine.vue
FN:77,render
FNF:1
FNH:1
FNDA:5,render
DA:4,1
DA:5,1
DA:8,1
DA:58,1
DA:60,1
DA:63,1
DA:64,1
DA:65,1
DA:68,1
DA:72,1
DA:73,1
DA:78,5
DA:81,1
LF:13
LH:13
BRF:0
BRH:0
end_of_record
TN:
SF:src\components\Nav\MainNav.vue
FN:104,render
FN:117,(anonymous_1)
FN:120,(anonymous_2)
FN:129,(anonymous_3)
FNF:4
FNH:4
FNDA:7,render
FNDA:7,(anonymous_1)
FNDA:42,(anonymous_2)
FNDA:42,(anonymous_3)
DA:4,1
DA:5,1
DA:8,1
DA:82,1
DA:84,1
DA:87,1
DA:88,1
DA:89,1
DA:92,1
DA:95,1
DA:98,1
DA:101,1
DA:105,7
DA:106,7
DA:107,7
DA:108,7
DA:109,7
DA:117,7
DA:121,42
DA:129,42
DA:149,1
LF:21
LH:21
BRDA:133,0,0,2
BRDA:133,0,1,5
BRDA:145,1,0,2
BRDA:145,1,1,5
BRF:4
BRH:4
end_of_record
TN:
SF:src\components\Nav\ProfileImage.vue
FN:10,(anonymous_0)
FN:26,render
FNF:2
FNH:2
FNDA:1,(anonymous_0)
FNDA:1,render
DA:4,2
DA:7,2
DA:8,2
DA:11,1
DA:18,2
DA:20,2
DA:23,2
DA:24,2
DA:25,2
DA:27,1
DA:31,2
LF:11
LH:11
BRF:0
BRH:0
end_of_record
TN:
SF:src\components\Nav\SubNav.vue
FN:11,(anonymous_0)
FN:39,render
FNF:2
FNH:0
FNDA:0,(anonymous_0)
FNDA:0,render
DA:4,2
DA:7,2
DA:8,2
DA:12,0
DA:18,2
DA:20,2
DA:23,2
DA:24,2
DA:25,2
DA:28,2
DA:31,2
DA:35,2
DA:40,0
DA:41,0
DA:45,2
LF:15
LH:12
BRDA:41,0,0,0
BRDA:41,0,1,0
BRF:2
BRH:0
end_of_record
TN:
SF:src\components\Shared\ActionButton.vue
FN:19,(anonymous_0)
FN:25,(anonymous_1)
FN:41,render
FNF:3
FNH:3
FNDA:7,(anonymous_0)
FNDA:2,(anonymous_1)
FNDA:2,render
DA:4,2
DA:7,2
DA:8,2
DA:20,7
DA:26,2
DA:34,2
DA:36,2
DA:39,2
DA:40,2
DA:42,2
DA:45,2
LF:11
LH:11
BRF:0
BRH:0
end_of_record
TN:
SF:src\utils\nextElementInList.js
FN:1,(anonymous_0)
FNF:1
FNH:1
FNDA:3,(anonymous_0)
DA:1,2
DA:2,3
DA:3,3
DA:4,3
DA:5,3
LF:5
LH:5
BRF:0
BRH:0
end_of_record
